2018-06-24 16:46:40 WARN  NativeCodeLoader:62 - Unable to load native-hadoop library for your platform... using builtin-java classes where applicable
2018-06-24 16:46:41 INFO  SparkContext:54 - Running Spark version 2.3.0
2018-06-24 16:46:41 INFO  SparkContext:54 - Submitted application: Streaming App
2018-06-24 16:46:41 INFO  SecurityManager:54 - Changing view acls to: ubuntu
2018-06-24 16:46:41 INFO  SecurityManager:54 - Changing modify acls to: ubuntu
2018-06-24 16:46:41 INFO  SecurityManager:54 - Changing view acls groups to: 
2018-06-24 16:46:41 INFO  SecurityManager:54 - Changing modify acls groups to: 
2018-06-24 16:46:41 INFO  SecurityManager:54 - SecurityManager: authentication disabled; ui acls disabled; users  with view permissions: Set(ubuntu); groups with view permissions: Set(); users  with modify permissions: Set(ubuntu); groups with modify permissions: Set()
2018-06-24 16:46:41 INFO  Utils:54 - Successfully started service 'sparkDriver' on port 33675.
2018-06-24 16:46:41 INFO  SparkEnv:54 - Registering MapOutputTracker
2018-06-24 16:46:41 INFO  SparkEnv:54 - Registering BlockManagerMaster
2018-06-24 16:46:41 INFO  BlockManagerMasterEndpoint:54 - Using org.apache.spark.storage.DefaultTopologyMapper for getting topology information
2018-06-24 16:46:41 INFO  BlockManagerMasterEndpoint:54 - BlockManagerMasterEndpoint up
2018-06-24 16:46:41 INFO  DiskBlockManager:54 - Created local directory at /tmp/blockmgr-2574f18a-f744-49da-94c3-29bcc9bd8203
2018-06-24 16:46:41 INFO  MemoryStore:54 - MemoryStore started with capacity 413.9 MB
2018-06-24 16:46:41 INFO  SparkEnv:54 - Registering OutputCommitCoordinator
2018-06-24 16:46:42 INFO  log:192 - Logging initialized @3099ms
2018-06-24 16:46:42 INFO  Server:346 - jetty-9.3.z-SNAPSHOT
2018-06-24 16:46:42 INFO  Server:414 - Started @3226ms
2018-06-24 16:46:42 INFO  AbstractConnector:278 - Started ServerConnector@21e2bf27{HTTP/1.1,[http/1.1]}{0.0.0.0:4040}
2018-06-24 16:46:42 INFO  Utils:54 - Successfully started service 'SparkUI' on port 4040.
2018-06-24 16:46:42 INFO  ContextHandler:781 - Started o.s.j.s.ServletContextHandler@40ce1f3c{/jobs,null,AVAILABLE,@Spark}
2018-06-24 16:46:42 INFO  ContextHandler:781 - Started o.s.j.s.ServletContextHandler@182f5bf7{/jobs/json,null,AVAILABLE,@Spark}
2018-06-24 16:46:42 INFO  ContextHandler:781 - Started o.s.j.s.ServletContextHandler@2758ff74{/jobs/job,null,AVAILABLE,@Spark}
2018-06-24 16:46:42 INFO  ContextHandler:781 - Started o.s.j.s.ServletContextHandler@305fcc14{/jobs/job/json,null,AVAILABLE,@Spark}
2018-06-24 16:46:42 INFO  ContextHandler:781 - Started o.s.j.s.ServletContextHandler@524dd90b{/stages,null,AVAILABLE,@Spark}
2018-06-24 16:46:42 INFO  ContextHandler:781 - Started o.s.j.s.ServletContextHandler@320e3f69{/stages/json,null,AVAILABLE,@Spark}
2018-06-24 16:46:42 INFO  ContextHandler:781 - Started o.s.j.s.ServletContextHandler@5d1ae54a{/stages/stage,null,AVAILABLE,@Spark}
2018-06-24 16:46:42 INFO  ContextHandler:781 - Started o.s.j.s.ServletContextHandler@6c643c82{/stages/stage/json,null,AVAILABLE,@Spark}
2018-06-24 16:46:42 INFO  ContextHandler:781 - Started o.s.j.s.ServletContextHandler@665ea4f1{/stages/pool,null,AVAILABLE,@Spark}
2018-06-24 16:46:42 INFO  ContextHandler:781 - Started o.s.j.s.ServletContextHandler@28971a8e{/stages/pool/json,null,AVAILABLE,@Spark}
2018-06-24 16:46:42 INFO  ContextHandler:781 - Started o.s.j.s.ServletContextHandler@12241d61{/storage,null,AVAILABLE,@Spark}
2018-06-24 16:46:42 INFO  ContextHandler:781 - Started o.s.j.s.ServletContextHandler@5f69a38b{/storage/json,null,AVAILABLE,@Spark}
2018-06-24 16:46:42 INFO  ContextHandler:781 - Started o.s.j.s.ServletContextHandler@4c03fdbb{/storage/rdd,null,AVAILABLE,@Spark}
2018-06-24 16:46:42 INFO  ContextHandler:781 - Started o.s.j.s.ServletContextHandler@5c50dddf{/storage/rdd/json,null,AVAILABLE,@Spark}
2018-06-24 16:46:42 INFO  ContextHandler:781 - Started o.s.j.s.ServletContextHandler@6e2d0c21{/environment,null,AVAILABLE,@Spark}
2018-06-24 16:46:42 INFO  ContextHandler:781 - Started o.s.j.s.ServletContextHandler@7c4a9f94{/environment/json,null,AVAILABLE,@Spark}
2018-06-24 16:46:42 INFO  ContextHandler:781 - Started o.s.j.s.ServletContextHandler@2ff74b83{/executors,null,AVAILABLE,@Spark}
2018-06-24 16:46:42 INFO  ContextHandler:781 - Started o.s.j.s.ServletContextHandler@7593c587{/executors/json,null,AVAILABLE,@Spark}
2018-06-24 16:46:42 INFO  ContextHandler:781 - Started o.s.j.s.ServletContextHandler@73598310{/executors/threadDump,null,AVAILABLE,@Spark}
2018-06-24 16:46:42 INFO  ContextHandler:781 - Started o.s.j.s.ServletContextHandler@5b4714d0{/executors/threadDump/json,null,AVAILABLE,@Spark}
2018-06-24 16:46:42 INFO  ContextHandler:781 - Started o.s.j.s.ServletContextHandler@4ef9e768{/static,null,AVAILABLE,@Spark}
2018-06-24 16:46:42 INFO  ContextHandler:781 - Started o.s.j.s.ServletContextHandler@7902a63d{/,null,AVAILABLE,@Spark}
2018-06-24 16:46:42 INFO  ContextHandler:781 - Started o.s.j.s.ServletContextHandler@5fcc5775{/api,null,AVAILABLE,@Spark}
2018-06-24 16:46:42 INFO  ContextHandler:781 - Started o.s.j.s.ServletContextHandler@599f8332{/jobs/job/kill,null,AVAILABLE,@Spark}
2018-06-24 16:46:42 INFO  ContextHandler:781 - Started o.s.j.s.ServletContextHandler@67128547{/stages/stage/kill,null,AVAILABLE,@Spark}
2018-06-24 16:46:42 INFO  SparkUI:54 - Bound SparkUI to 0.0.0.0, and started at http://ip-172-31-29-64.ca-central-1.compute.internal:4040
2018-06-24 16:46:42 INFO  SparkContext:54 - Added file file:/home/ubuntu/assignment/a3/A3_DB/Label_Tweet_in_RealTime.py at file:/home/ubuntu/assignment/a3/A3_DB/Label_Tweet_in_RealTime.py with timestamp 1529858802866
2018-06-24 16:46:42 INFO  Utils:54 - Copying /home/ubuntu/assignment/a3/A3_DB/Label_Tweet_in_RealTime.py to /tmp/spark-1e507f08-92b6-4ac1-8811-1d6fe15c9ae3/userFiles-013c9dca-3d7d-4315-8618-e939b59061b3/Label_Tweet_in_RealTime.py
2018-06-24 16:46:43 INFO  Executor:54 - Starting executor ID driver on host localhost
2018-06-24 16:46:43 INFO  Utils:54 - Successfully started service 'org.apache.spark.network.netty.NettyBlockTransferService' on port 36508.
2018-06-24 16:46:43 INFO  NettyBlockTransferService:54 - Server created on ip-172-31-29-64.ca-central-1.compute.internal:36508
2018-06-24 16:46:43 INFO  BlockManager:54 - Using org.apache.spark.storage.RandomBlockReplicationPolicy for block replication policy
2018-06-24 16:46:43 INFO  BlockManagerMaster:54 - Registering BlockManager BlockManagerId(driver, ip-172-31-29-64.ca-central-1.compute.internal, 36508, None)
2018-06-24 16:46:43 INFO  BlockManagerMasterEndpoint:54 - Registering block manager ip-172-31-29-64.ca-central-1.compute.internal:36508 with 413.9 MB RAM, BlockManagerId(driver, ip-172-31-29-64.ca-central-1.compute.internal, 36508, None)
2018-06-24 16:46:43 INFO  BlockManagerMaster:54 - Registered BlockManager BlockManagerId(driver, ip-172-31-29-64.ca-central-1.compute.internal, 36508, None)
2018-06-24 16:46:43 INFO  BlockManager:54 - Initialized BlockManager: BlockManagerId(driver, ip-172-31-29-64.ca-central-1.compute.internal, 36508, None)
2018-06-24 16:46:43 INFO  ContextHandler:781 - Started o.s.j.s.ServletContextHandler@4ad73a46{/metrics/json,null,AVAILABLE,@Spark}
2018-06-24 16:46:44 INFO  MemoryStore:54 - Block broadcast_0 stored as values in memory (estimated size 236.5 KB, free 413.7 MB)
2018-06-24 16:46:44 INFO  MemoryStore:54 - Block broadcast_0_piece0 stored as bytes in memory (estimated size 22.9 KB, free 413.7 MB)
2018-06-24 16:46:44 INFO  BlockManagerInfo:54 - Added broadcast_0_piece0 in memory on ip-172-31-29-64.ca-central-1.compute.internal:36508 (size: 22.9 KB, free: 413.9 MB)
2018-06-24 16:46:44 INFO  SparkContext:54 - Created broadcast 0 from textFile at NativeMethodAccessorImpl.java:0
2018-06-24 16:46:44 INFO  FileInputFormat:249 - Total input paths to process : 1
2018-06-24 16:46:44 INFO  SparkContext:54 - Starting job: runJob at PythonRDD.scala:141
2018-06-24 16:46:44 INFO  DAGScheduler:54 - Got job 0 (runJob at PythonRDD.scala:141) with 1 output partitions
2018-06-24 16:46:44 INFO  DAGScheduler:54 - Final stage: ResultStage 0 (runJob at PythonRDD.scala:141)
2018-06-24 16:46:44 INFO  DAGScheduler:54 - Parents of final stage: List()
2018-06-24 16:46:44 INFO  DAGScheduler:54 - Missing parents: List()
2018-06-24 16:46:44 INFO  DAGScheduler:54 - Submitting ResultStage 0 (PythonRDD[2] at RDD at PythonRDD.scala:48), which has no missing parents
2018-06-24 16:46:44 INFO  MemoryStore:54 - Block broadcast_1 stored as values in memory (estimated size 5.5 KB, free 413.7 MB)
2018-06-24 16:46:44 INFO  MemoryStore:54 - Block broadcast_1_piece0 stored as bytes in memory (estimated size 3.4 KB, free 413.7 MB)
2018-06-24 16:46:44 INFO  BlockManagerInfo:54 - Added broadcast_1_piece0 in memory on ip-172-31-29-64.ca-central-1.compute.internal:36508 (size: 3.4 KB, free: 413.9 MB)
2018-06-24 16:46:44 INFO  SparkContext:54 - Created broadcast 1 from broadcast at DAGScheduler.scala:1039
2018-06-24 16:46:44 INFO  DAGScheduler:54 - Submitting 1 missing tasks from ResultStage 0 (PythonRDD[2] at RDD at PythonRDD.scala:48) (first 15 tasks are for partitions Vector(0))
2018-06-24 16:46:44 INFO  TaskSchedulerImpl:54 - Adding task set 0.0 with 1 tasks
2018-06-24 16:46:45 INFO  TaskSetManager:54 - Starting task 0.0 in stage 0.0 (TID 0, localhost, executor driver, partition 0, PROCESS_LOCAL, 7931 bytes)
2018-06-24 16:46:45 INFO  Executor:54 - Running task 0.0 in stage 0.0 (TID 0)
2018-06-24 16:46:45 INFO  Executor:54 - Fetching file:/home/ubuntu/assignment/a3/A3_DB/Label_Tweet_in_RealTime.py with timestamp 1529858802866
2018-06-24 16:46:45 INFO  Utils:54 - /home/ubuntu/assignment/a3/A3_DB/Label_Tweet_in_RealTime.py has been previously copied to /tmp/spark-1e507f08-92b6-4ac1-8811-1d6fe15c9ae3/userFiles-013c9dca-3d7d-4315-8618-e939b59061b3/Label_Tweet_in_RealTime.py
2018-06-24 16:46:45 INFO  HadoopRDD:54 - Input split: file:/home/ubuntu/assignment/a3/A3_DB/standford_500.logreg.model/metadata/part-00000:0+324
2018-06-24 16:46:45 INFO  PythonRunner:54 - Times: total = 215, boot = 200, init = 15, finish = 0
2018-06-24 16:46:45 INFO  Executor:54 - Finished task 0.0 in stage 0.0 (TID 0). 1727 bytes result sent to driver
2018-06-24 16:46:45 INFO  TaskSetManager:54 - Finished task 0.0 in stage 0.0 (TID 0) in 532 ms on localhost (executor driver) (1/1)
2018-06-24 16:46:45 INFO  TaskSchedulerImpl:54 - Removed TaskSet 0.0, whose tasks have all completed, from pool 
2018-06-24 16:46:45 INFO  DAGScheduler:54 - ResultStage 0 (runJob at PythonRDD.scala:141) finished in 0.787 s
2018-06-24 16:46:45 INFO  DAGScheduler:54 - Job 0 finished: runJob at PythonRDD.scala:141, took 0.894739 s
2018-06-24 16:46:45 WARN  SparkContext:66 - Using an existing SparkContext; some configuration may not take effect.
2018-06-24 16:46:45 INFO  MemoryStore:54 - Block broadcast_2 stored as values in memory (estimated size 236.5 KB, free 413.4 MB)
2018-06-24 16:46:45 INFO  MemoryStore:54 - Block broadcast_2_piece0 stored as bytes in memory (estimated size 22.9 KB, free 413.4 MB)
2018-06-24 16:46:45 INFO  BlockManagerInfo:54 - Added broadcast_2_piece0 in memory on ip-172-31-29-64.ca-central-1.compute.internal:36508 (size: 22.9 KB, free: 413.9 MB)
2018-06-24 16:46:45 INFO  SparkContext:54 - Created broadcast 2 from textFile at ReadWrite.scala:387
2018-06-24 16:46:45 INFO  FileInputFormat:249 - Total input paths to process : 1
2018-06-24 16:46:45 INFO  SparkContext:54 - Starting job: first at ReadWrite.scala:387
2018-06-24 16:46:45 INFO  DAGScheduler:54 - Got job 1 (first at ReadWrite.scala:387) with 1 output partitions
2018-06-24 16:46:45 INFO  DAGScheduler:54 - Final stage: ResultStage 1 (first at ReadWrite.scala:387)
2018-06-24 16:46:45 INFO  DAGScheduler:54 - Parents of final stage: List()
2018-06-24 16:46:45 INFO  DAGScheduler:54 - Missing parents: List()
2018-06-24 16:46:45 INFO  DAGScheduler:54 - Submitting ResultStage 1 (standford_500.logreg.model/metadata MapPartitionsRDD[4] at textFile at ReadWrite.scala:387), which has no missing parents
2018-06-24 16:46:45 INFO  MemoryStore:54 - Block broadcast_3 stored as values in memory (estimated size 3.3 KB, free 413.4 MB)
2018-06-24 16:46:45 INFO  MemoryStore:54 - Block broadcast_3_piece0 stored as bytes in memory (estimated size 1991.0 B, free 413.4 MB)
2018-06-24 16:46:45 INFO  BlockManagerInfo:54 - Added broadcast_3_piece0 in memory on ip-172-31-29-64.ca-central-1.compute.internal:36508 (size: 1991.0 B, free: 413.9 MB)
2018-06-24 16:46:45 INFO  SparkContext:54 - Created broadcast 3 from broadcast at DAGScheduler.scala:1039
2018-06-24 16:46:45 INFO  DAGScheduler:54 - Submitting 1 missing tasks from ResultStage 1 (standford_500.logreg.model/metadata MapPartitionsRDD[4] at textFile at ReadWrite.scala:387) (first 15 tasks are for partitions Vector(0))
2018-06-24 16:46:45 INFO  TaskSchedulerImpl:54 - Adding task set 1.0 with 1 tasks
2018-06-24 16:46:45 INFO  TaskSetManager:54 - Starting task 0.0 in stage 1.0 (TID 1, localhost, executor driver, partition 0, PROCESS_LOCAL, 7931 bytes)
2018-06-24 16:46:45 INFO  Executor:54 - Running task 0.0 in stage 1.0 (TID 1)
2018-06-24 16:46:45 INFO  HadoopRDD:54 - Input split: file:/home/ubuntu/assignment/a3/A3_DB/standford_500.logreg.model/metadata/part-00000:0+324
2018-06-24 16:46:45 INFO  Executor:54 - Finished task 0.0 in stage 1.0 (TID 1). 1166 bytes result sent to driver
2018-06-24 16:46:45 INFO  TaskSetManager:54 - Finished task 0.0 in stage 1.0 (TID 1) in 21 ms on localhost (executor driver) (1/1)
2018-06-24 16:46:45 INFO  DAGScheduler:54 - ResultStage 1 (first at ReadWrite.scala:387) finished in 0.040 s
2018-06-24 16:46:45 INFO  DAGScheduler:54 - Job 1 finished: first at ReadWrite.scala:387, took 0.044050 s
2018-06-24 16:46:45 INFO  TaskSchedulerImpl:54 - Removed TaskSet 1.0, whose tasks have all completed, from pool 
2018-06-24 16:46:45 INFO  ContextCleaner:54 - Cleaned accumulator 26
2018-06-24 16:46:45 INFO  ContextCleaner:54 - Cleaned accumulator 41
2018-06-24 16:46:45 INFO  ContextCleaner:54 - Cleaned accumulator 28
2018-06-24 16:46:45 INFO  ContextCleaner:54 - Cleaned accumulator 34
2018-06-24 16:46:45 INFO  ContextCleaner:54 - Cleaned accumulator 43
2018-06-24 16:46:45 INFO  ContextCleaner:54 - Cleaned accumulator 40
2018-06-24 16:46:45 INFO  ContextCleaner:54 - Cleaned accumulator 50
2018-06-24 16:46:45 INFO  ContextCleaner:54 - Cleaned accumulator 38
2018-06-24 16:46:45 INFO  ContextCleaner:54 - Cleaned accumulator 48
2018-06-24 16:46:45 INFO  ContextCleaner:54 - Cleaned accumulator 44
2018-06-24 16:46:45 INFO  ContextCleaner:54 - Cleaned accumulator 42
2018-06-24 16:46:45 INFO  ContextCleaner:54 - Cleaned accumulator 32
2018-06-24 16:46:45 INFO  ContextCleaner:54 - Cleaned accumulator 30
2018-06-24 16:46:45 INFO  ContextCleaner:54 - Cleaned accumulator 33
2018-06-24 16:46:45 INFO  ContextCleaner:54 - Cleaned accumulator 27
2018-06-24 16:46:45 INFO  ContextCleaner:54 - Cleaned accumulator 37
2018-06-24 16:46:45 INFO  ContextCleaner:54 - Cleaned accumulator 47
2018-06-24 16:46:45 INFO  ContextCleaner:54 - Cleaned accumulator 49
2018-06-24 16:46:45 INFO  ContextCleaner:54 - Cleaned accumulator 31
2018-06-24 16:46:45 INFO  ContextCleaner:54 - Cleaned accumulator 29
2018-06-24 16:46:45 INFO  BlockManagerInfo:54 - Removed broadcast_2_piece0 on ip-172-31-29-64.ca-central-1.compute.internal:36508 in memory (size: 22.9 KB, free: 413.9 MB)
2018-06-24 16:46:45 INFO  ContextCleaner:54 - Cleaned accumulator 35
2018-06-24 16:46:45 INFO  ContextCleaner:54 - Cleaned accumulator 39
2018-06-24 16:46:45 INFO  ContextCleaner:54 - Cleaned accumulator 45
2018-06-24 16:46:45 INFO  ContextCleaner:54 - Cleaned accumulator 46
2018-06-24 16:46:45 INFO  ContextCleaner:54 - Cleaned accumulator 36
2018-06-24 16:46:45 INFO  BlockManagerInfo:54 - Removed broadcast_3_piece0 on ip-172-31-29-64.ca-central-1.compute.internal:36508 in memory (size: 1991.0 B, free: 413.9 MB)
2018-06-24 16:46:45 INFO  MemoryStore:54 - Block broadcast_4 stored as values in memory (estimated size 236.5 KB, free 413.4 MB)
2018-06-24 16:46:45 INFO  MemoryStore:54 - Block broadcast_4_piece0 stored as bytes in memory (estimated size 22.9 KB, free 413.4 MB)
2018-06-24 16:46:45 INFO  BlockManagerInfo:54 - Added broadcast_4_piece0 in memory on ip-172-31-29-64.ca-central-1.compute.internal:36508 (size: 22.9 KB, free: 413.9 MB)
2018-06-24 16:46:45 INFO  SparkContext:54 - Created broadcast 4 from textFile at ReadWrite.scala:387
2018-06-24 16:46:46 INFO  FileInputFormat:249 - Total input paths to process : 1
2018-06-24 16:46:46 INFO  SparkContext:54 - Starting job: first at ReadWrite.scala:387
2018-06-24 16:46:46 INFO  DAGScheduler:54 - Got job 2 (first at ReadWrite.scala:387) with 1 output partitions
2018-06-24 16:46:46 INFO  DAGScheduler:54 - Final stage: ResultStage 2 (first at ReadWrite.scala:387)
2018-06-24 16:46:46 INFO  DAGScheduler:54 - Parents of final stage: List()
2018-06-24 16:46:46 INFO  DAGScheduler:54 - Missing parents: List()
2018-06-24 16:46:46 INFO  DAGScheduler:54 - Submitting ResultStage 2 (standford_500.logreg.model/stages/0_RegexTokenizer_407d808277b4b03ed14a/metadata MapPartitionsRDD[6] at textFile at ReadWrite.scala:387), which has no missing parents
2018-06-24 16:46:46 INFO  MemoryStore:54 - Block broadcast_5 stored as values in memory (estimated size 3.3 KB, free 413.4 MB)
2018-06-24 16:46:46 INFO  MemoryStore:54 - Block broadcast_5_piece0 stored as bytes in memory (estimated size 2035.0 B, free 413.4 MB)
2018-06-24 16:46:46 INFO  BlockManagerInfo:54 - Added broadcast_5_piece0 in memory on ip-172-31-29-64.ca-central-1.compute.internal:36508 (size: 2035.0 B, free: 413.9 MB)
2018-06-24 16:46:46 INFO  SparkContext:54 - Created broadcast 5 from broadcast at DAGScheduler.scala:1039
2018-06-24 16:46:46 INFO  DAGScheduler:54 - Submitting 1 missing tasks from ResultStage 2 (standford_500.logreg.model/stages/0_RegexTokenizer_407d808277b4b03ed14a/metadata MapPartitionsRDD[6] at textFile at ReadWrite.scala:387) (first 15 tasks are for partitions Vector(0))
2018-06-24 16:46:46 INFO  TaskSchedulerImpl:54 - Adding task set 2.0 with 1 tasks
2018-06-24 16:46:46 INFO  TaskSetManager:54 - Starting task 0.0 in stage 2.0 (TID 2, localhost, executor driver, partition 0, PROCESS_LOCAL, 7977 bytes)
2018-06-24 16:46:46 INFO  Executor:54 - Running task 0.0 in stage 2.0 (TID 2)
2018-06-24 16:46:46 INFO  HadoopRDD:54 - Input split: file:/home/ubuntu/assignment/a3/A3_DB/standford_500.logreg.model/stages/0_RegexTokenizer_407d808277b4b03ed14a/metadata/part-00000:0+271
2018-06-24 16:46:46 INFO  Executor:54 - Finished task 0.0 in stage 2.0 (TID 2). 1113 bytes result sent to driver
2018-06-24 16:46:46 INFO  TaskSetManager:54 - Finished task 0.0 in stage 2.0 (TID 2) in 22 ms on localhost (executor driver) (1/1)
2018-06-24 16:46:46 INFO  DAGScheduler:54 - ResultStage 2 (first at ReadWrite.scala:387) finished in 0.046 s
2018-06-24 16:46:46 INFO  DAGScheduler:54 - Job 2 finished: first at ReadWrite.scala:387, took 0.049340 s
2018-06-24 16:46:46 INFO  TaskSchedulerImpl:54 - Removed TaskSet 2.0, whose tasks have all completed, from pool 
2018-06-24 16:46:46 INFO  MemoryStore:54 - Block broadcast_6 stored as values in memory (estimated size 236.5 KB, free 413.2 MB)
2018-06-24 16:46:46 INFO  ContextCleaner:54 - Cleaned accumulator 51
2018-06-24 16:46:46 INFO  ContextCleaner:54 - Cleaned accumulator 52
2018-06-24 16:46:46 INFO  ContextCleaner:54 - Cleaned accumulator 68
2018-06-24 16:46:46 INFO  ContextCleaner:54 - Cleaned accumulator 70
2018-06-24 16:46:46 INFO  ContextCleaner:54 - Cleaned accumulator 56
2018-06-24 16:46:46 INFO  ContextCleaner:54 - Cleaned accumulator 61
2018-06-24 16:46:46 INFO  ContextCleaner:54 - Cleaned accumulator 53
2018-06-24 16:46:46 INFO  ContextCleaner:54 - Cleaned accumulator 65
2018-06-24 16:46:46 INFO  ContextCleaner:54 - Cleaned accumulator 58
2018-06-24 16:46:46 INFO  ContextCleaner:54 - Cleaned accumulator 71
2018-06-24 16:46:46 INFO  ContextCleaner:54 - Cleaned accumulator 55
2018-06-24 16:46:46 INFO  ContextCleaner:54 - Cleaned accumulator 64
2018-06-24 16:46:46 INFO  ContextCleaner:54 - Cleaned accumulator 62
2018-06-24 16:46:46 INFO  ContextCleaner:54 - Cleaned accumulator 57
2018-06-24 16:46:46 INFO  ContextCleaner:54 - Cleaned accumulator 59
2018-06-24 16:46:46 INFO  ContextCleaner:54 - Cleaned accumulator 63
2018-06-24 16:46:46 INFO  ContextCleaner:54 - Cleaned accumulator 74
2018-06-24 16:46:46 INFO  BlockManagerInfo:54 - Removed broadcast_5_piece0 on ip-172-31-29-64.ca-central-1.compute.internal:36508 in memory (size: 2035.0 B, free: 413.9 MB)
2018-06-24 16:46:46 INFO  BlockManagerInfo:54 - Removed broadcast_4_piece0 on ip-172-31-29-64.ca-central-1.compute.internal:36508 in memory (size: 22.9 KB, free: 413.9 MB)
2018-06-24 16:46:46 INFO  ContextCleaner:54 - Cleaned accumulator 60
2018-06-24 16:46:46 INFO  ContextCleaner:54 - Cleaned accumulator 67
2018-06-24 16:46:46 INFO  ContextCleaner:54 - Cleaned accumulator 69
2018-06-24 16:46:46 INFO  ContextCleaner:54 - Cleaned accumulator 66
2018-06-24 16:46:46 INFO  ContextCleaner:54 - Cleaned accumulator 54
2018-06-24 16:46:46 INFO  ContextCleaner:54 - Cleaned accumulator 75
2018-06-24 16:46:46 INFO  ContextCleaner:54 - Cleaned accumulator 72
2018-06-24 16:46:46 INFO  ContextCleaner:54 - Cleaned accumulator 73
2018-06-24 16:46:46 INFO  MemoryStore:54 - Block broadcast_6_piece0 stored as bytes in memory (estimated size 22.9 KB, free 413.4 MB)
2018-06-24 16:46:46 INFO  BlockManagerInfo:54 - Added broadcast_6_piece0 in memory on ip-172-31-29-64.ca-central-1.compute.internal:36508 (size: 22.9 KB, free: 413.9 MB)
2018-06-24 16:46:46 INFO  SparkContext:54 - Created broadcast 6 from textFile at ReadWrite.scala:387
2018-06-24 16:46:46 INFO  FileInputFormat:249 - Total input paths to process : 1
2018-06-24 16:46:46 INFO  SparkContext:54 - Starting job: first at ReadWrite.scala:387
2018-06-24 16:46:46 INFO  DAGScheduler:54 - Got job 3 (first at ReadWrite.scala:387) with 1 output partitions
2018-06-24 16:46:46 INFO  DAGScheduler:54 - Final stage: ResultStage 3 (first at ReadWrite.scala:387)
2018-06-24 16:46:46 INFO  DAGScheduler:54 - Parents of final stage: List()
2018-06-24 16:46:46 INFO  DAGScheduler:54 - Missing parents: List()
2018-06-24 16:46:46 INFO  DAGScheduler:54 - Submitting ResultStage 3 (standford_500.logreg.model/stages/0_RegexTokenizer_407d808277b4b03ed14a/metadata MapPartitionsRDD[8] at textFile at ReadWrite.scala:387), which has no missing parents
2018-06-24 16:46:46 INFO  MemoryStore:54 - Block broadcast_7 stored as values in memory (estimated size 3.3 KB, free 413.4 MB)
2018-06-24 16:46:46 INFO  MemoryStore:54 - Block broadcast_7_piece0 stored as bytes in memory (estimated size 2035.0 B, free 413.4 MB)
2018-06-24 16:46:46 INFO  BlockManagerInfo:54 - Added broadcast_7_piece0 in memory on ip-172-31-29-64.ca-central-1.compute.internal:36508 (size: 2035.0 B, free: 413.9 MB)
2018-06-24 16:46:46 INFO  SparkContext:54 - Created broadcast 7 from broadcast at DAGScheduler.scala:1039
2018-06-24 16:46:46 INFO  DAGScheduler:54 - Submitting 1 missing tasks from ResultStage 3 (standford_500.logreg.model/stages/0_RegexTokenizer_407d808277b4b03ed14a/metadata MapPartitionsRDD[8] at textFile at ReadWrite.scala:387) (first 15 tasks are for partitions Vector(0))
2018-06-24 16:46:46 INFO  TaskSchedulerImpl:54 - Adding task set 3.0 with 1 tasks
2018-06-24 16:46:46 INFO  TaskSetManager:54 - Starting task 0.0 in stage 3.0 (TID 3, localhost, executor driver, partition 0, PROCESS_LOCAL, 7977 bytes)
2018-06-24 16:46:46 INFO  Executor:54 - Running task 0.0 in stage 3.0 (TID 3)
2018-06-24 16:46:46 INFO  HadoopRDD:54 - Input split: file:/home/ubuntu/assignment/a3/A3_DB/standford_500.logreg.model/stages/0_RegexTokenizer_407d808277b4b03ed14a/metadata/part-00000:0+271
2018-06-24 16:46:46 INFO  Executor:54 - Finished task 0.0 in stage 3.0 (TID 3). 1070 bytes result sent to driver
2018-06-24 16:46:46 INFO  TaskSetManager:54 - Finished task 0.0 in stage 3.0 (TID 3) in 18 ms on localhost (executor driver) (1/1)
2018-06-24 16:46:46 INFO  DAGScheduler:54 - ResultStage 3 (first at ReadWrite.scala:387) finished in 0.041 s
2018-06-24 16:46:46 INFO  DAGScheduler:54 - Job 3 finished: first at ReadWrite.scala:387, took 0.045669 s
2018-06-24 16:46:46 INFO  TaskSchedulerImpl:54 - Removed TaskSet 3.0, whose tasks have all completed, from pool 
2018-06-24 16:46:46 INFO  MemoryStore:54 - Block broadcast_8 stored as values in memory (estimated size 236.5 KB, free 413.2 MB)
2018-06-24 16:46:46 INFO  ContextCleaner:54 - Cleaned accumulator 82
2018-06-24 16:46:46 INFO  ContextCleaner:54 - Cleaned accumulator 93
2018-06-24 16:46:46 INFO  ContextCleaner:54 - Cleaned accumulator 77
2018-06-24 16:46:46 INFO  ContextCleaner:54 - Cleaned accumulator 80
2018-06-24 16:46:46 INFO  ContextCleaner:54 - Cleaned accumulator 84
2018-06-24 16:46:46 INFO  ContextCleaner:54 - Cleaned accumulator 83
2018-06-24 16:46:46 INFO  ContextCleaner:54 - Cleaned accumulator 81
2018-06-24 16:46:46 INFO  ContextCleaner:54 - Cleaned accumulator 86
2018-06-24 16:46:46 INFO  ContextCleaner:54 - Cleaned accumulator 89
2018-06-24 16:46:46 INFO  ContextCleaner:54 - Cleaned accumulator 100
2018-06-24 16:46:46 INFO  ContextCleaner:54 - Cleaned accumulator 79
2018-06-24 16:46:46 INFO  ContextCleaner:54 - Cleaned accumulator 96
2018-06-24 16:46:46 INFO  ContextCleaner:54 - Cleaned accumulator 76
2018-06-24 16:46:46 INFO  BlockManagerInfo:54 - Removed broadcast_6_piece0 on ip-172-31-29-64.ca-central-1.compute.internal:36508 in memory (size: 22.9 KB, free: 413.9 MB)
2018-06-24 16:46:46 INFO  ContextCleaner:54 - Cleaned accumulator 99
2018-06-24 16:46:46 INFO  ContextCleaner:54 - Cleaned accumulator 91
2018-06-24 16:46:46 INFO  ContextCleaner:54 - Cleaned accumulator 78
2018-06-24 16:46:46 INFO  ContextCleaner:54 - Cleaned accumulator 92
2018-06-24 16:46:46 INFO  ContextCleaner:54 - Cleaned accumulator 90
2018-06-24 16:46:46 INFO  ContextCleaner:54 - Cleaned accumulator 85
2018-06-24 16:46:46 INFO  ContextCleaner:54 - Cleaned accumulator 94
2018-06-24 16:46:46 INFO  ContextCleaner:54 - Cleaned accumulator 95
2018-06-24 16:46:46 INFO  ContextCleaner:54 - Cleaned accumulator 98
2018-06-24 16:46:46 INFO  ContextCleaner:54 - Cleaned accumulator 88
2018-06-24 16:46:46 INFO  BlockManagerInfo:54 - Removed broadcast_7_piece0 on ip-172-31-29-64.ca-central-1.compute.internal:36508 in memory (size: 2035.0 B, free: 413.9 MB)
2018-06-24 16:46:46 INFO  ContextCleaner:54 - Cleaned accumulator 87
2018-06-24 16:46:46 INFO  ContextCleaner:54 - Cleaned accumulator 97
2018-06-24 16:46:46 INFO  MemoryStore:54 - Block broadcast_8_piece0 stored as bytes in memory (estimated size 22.9 KB, free 413.4 MB)
2018-06-24 16:46:46 INFO  BlockManagerInfo:54 - Added broadcast_8_piece0 in memory on ip-172-31-29-64.ca-central-1.compute.internal:36508 (size: 22.9 KB, free: 413.9 MB)
2018-06-24 16:46:46 INFO  SparkContext:54 - Created broadcast 8 from textFile at ReadWrite.scala:387
2018-06-24 16:46:46 INFO  FileInputFormat:249 - Total input paths to process : 1
2018-06-24 16:46:46 INFO  SparkContext:54 - Starting job: first at ReadWrite.scala:387
2018-06-24 16:46:46 INFO  DAGScheduler:54 - Got job 4 (first at ReadWrite.scala:387) with 1 output partitions
2018-06-24 16:46:46 INFO  DAGScheduler:54 - Final stage: ResultStage 4 (first at ReadWrite.scala:387)
2018-06-24 16:46:46 INFO  DAGScheduler:54 - Parents of final stage: List()
2018-06-24 16:46:46 INFO  DAGScheduler:54 - Missing parents: List()
2018-06-24 16:46:46 INFO  DAGScheduler:54 - Submitting ResultStage 4 (standford_500.logreg.model/stages/1_StopWordsRemover_4f829c08ee6c01a67ff7/metadata MapPartitionsRDD[10] at textFile at ReadWrite.scala:387), which has no missing parents
2018-06-24 16:46:46 INFO  MemoryStore:54 - Block broadcast_9 stored as values in memory (estimated size 3.3 KB, free 413.4 MB)
2018-06-24 16:46:46 INFO  MemoryStore:54 - Block broadcast_9_piece0 stored as bytes in memory (estimated size 2038.0 B, free 413.4 MB)
2018-06-24 16:46:46 INFO  BlockManagerInfo:54 - Added broadcast_9_piece0 in memory on ip-172-31-29-64.ca-central-1.compute.internal:36508 (size: 2038.0 B, free: 413.9 MB)
2018-06-24 16:46:46 INFO  SparkContext:54 - Created broadcast 9 from broadcast at DAGScheduler.scala:1039
2018-06-24 16:46:46 INFO  DAGScheduler:54 - Submitting 1 missing tasks from ResultStage 4 (standford_500.logreg.model/stages/1_StopWordsRemover_4f829c08ee6c01a67ff7/metadata MapPartitionsRDD[10] at textFile at ReadWrite.scala:387) (first 15 tasks are for partitions Vector(0))
2018-06-24 16:46:46 INFO  TaskSchedulerImpl:54 - Adding task set 4.0 with 1 tasks
2018-06-24 16:46:46 INFO  TaskSetManager:54 - Starting task 0.0 in stage 4.0 (TID 4, localhost, executor driver, partition 0, PROCESS_LOCAL, 7979 bytes)
2018-06-24 16:46:46 INFO  Executor:54 - Running task 0.0 in stage 4.0 (TID 4)
2018-06-24 16:46:46 INFO  HadoopRDD:54 - Input split: file:/home/ubuntu/assignment/a3/A3_DB/standford_500.logreg.model/stages/1_StopWordsRemover_4f829c08ee6c01a67ff7/metadata/part-00000:0+283
2018-06-24 16:46:46 INFO  Executor:54 - Finished task 0.0 in stage 4.0 (TID 4). 1082 bytes result sent to driver
2018-06-24 16:46:46 INFO  TaskSetManager:54 - Finished task 0.0 in stage 4.0 (TID 4) in 19 ms on localhost (executor driver) (1/1)
2018-06-24 16:46:46 INFO  TaskSchedulerImpl:54 - Removed TaskSet 4.0, whose tasks have all completed, from pool 
2018-06-24 16:46:46 INFO  DAGScheduler:54 - ResultStage 4 (first at ReadWrite.scala:387) finished in 0.031 s
2018-06-24 16:46:46 INFO  DAGScheduler:54 - Job 4 finished: first at ReadWrite.scala:387, took 0.034613 s
2018-06-24 16:46:46 INFO  MemoryStore:54 - Block broadcast_10 stored as values in memory (estimated size 236.5 KB, free 413.2 MB)
2018-06-24 16:46:46 INFO  MemoryStore:54 - Block broadcast_10_piece0 stored as bytes in memory (estimated size 22.9 KB, free 413.2 MB)
2018-06-24 16:46:46 INFO  ContextCleaner:54 - Cleaned accumulator 104
2018-06-24 16:46:46 INFO  ContextCleaner:54 - Cleaned accumulator 120
2018-06-24 16:46:46 INFO  ContextCleaner:54 - Cleaned accumulator 108
2018-06-24 16:46:46 INFO  ContextCleaner:54 - Cleaned accumulator 106
2018-06-24 16:46:46 INFO  ContextCleaner:54 - Cleaned accumulator 114
2018-06-24 16:46:46 INFO  ContextCleaner:54 - Cleaned accumulator 116
2018-06-24 16:46:46 INFO  ContextCleaner:54 - Cleaned accumulator 125
2018-06-24 16:46:46 INFO  BlockManagerInfo:54 - Added broadcast_10_piece0 in memory on ip-172-31-29-64.ca-central-1.compute.internal:36508 (size: 22.9 KB, free: 413.9 MB)
2018-06-24 16:46:46 INFO  BlockManagerInfo:54 - Removed broadcast_9_piece0 on ip-172-31-29-64.ca-central-1.compute.internal:36508 in memory (size: 2038.0 B, free: 413.9 MB)
2018-06-24 16:46:46 INFO  BlockManagerInfo:54 - Removed broadcast_8_piece0 on ip-172-31-29-64.ca-central-1.compute.internal:36508 in memory (size: 22.9 KB, free: 413.9 MB)
2018-06-24 16:46:46 INFO  ContextCleaner:54 - Cleaned accumulator 103
2018-06-24 16:46:46 INFO  ContextCleaner:54 - Cleaned accumulator 123
2018-06-24 16:46:46 INFO  ContextCleaner:54 - Cleaned accumulator 111
2018-06-24 16:46:46 INFO  ContextCleaner:54 - Cleaned accumulator 101
2018-06-24 16:46:46 INFO  ContextCleaner:54 - Cleaned accumulator 122
2018-06-24 16:46:46 INFO  ContextCleaner:54 - Cleaned accumulator 105
2018-06-24 16:46:46 INFO  ContextCleaner:54 - Cleaned accumulator 117
2018-06-24 16:46:46 INFO  ContextCleaner:54 - Cleaned accumulator 121
2018-06-24 16:46:46 INFO  ContextCleaner:54 - Cleaned accumulator 113
2018-06-24 16:46:46 INFO  ContextCleaner:54 - Cleaned accumulator 112
2018-06-24 16:46:46 INFO  ContextCleaner:54 - Cleaned accumulator 115
2018-06-24 16:46:46 INFO  ContextCleaner:54 - Cleaned accumulator 119
2018-06-24 16:46:46 INFO  ContextCleaner:54 - Cleaned accumulator 110
2018-06-24 16:46:46 INFO  ContextCleaner:54 - Cleaned accumulator 107
2018-06-24 16:46:46 INFO  ContextCleaner:54 - Cleaned accumulator 124
2018-06-24 16:46:46 INFO  ContextCleaner:54 - Cleaned accumulator 109
2018-06-24 16:46:46 INFO  ContextCleaner:54 - Cleaned accumulator 102
2018-06-24 16:46:46 INFO  ContextCleaner:54 - Cleaned accumulator 118
2018-06-24 16:46:46 INFO  ContextCleaner:54 - Cleaned accumulator 8
2018-06-24 16:46:46 INFO  ContextCleaner:54 - Cleaned accumulator 17
2018-06-24 16:46:46 INFO  ContextCleaner:54 - Cleaned accumulator 3
2018-06-24 16:46:46 INFO  ContextCleaner:54 - Cleaned accumulator 5
2018-06-24 16:46:46 INFO  ContextCleaner:54 - Cleaned accumulator 12
2018-06-24 16:46:46 INFO  ContextCleaner:54 - Cleaned accumulator 14
2018-06-24 16:46:46 INFO  ContextCleaner:54 - Cleaned accumulator 20
2018-06-24 16:46:46 INFO  ContextCleaner:54 - Cleaned accumulator 13
2018-06-24 16:46:46 INFO  ContextCleaner:54 - Cleaned accumulator 16
2018-06-24 16:46:46 INFO  ContextCleaner:54 - Cleaned accumulator 10
2018-06-24 16:46:46 INFO  ContextCleaner:54 - Cleaned accumulator 2
2018-06-24 16:46:46 INFO  ContextCleaner:54 - Cleaned accumulator 22
2018-06-24 16:46:46 INFO  ContextCleaner:54 - Cleaned accumulator 18
2018-06-24 16:46:46 INFO  ContextCleaner:54 - Cleaned accumulator 1
2018-06-24 16:46:46 INFO  ContextCleaner:54 - Cleaned accumulator 15
2018-06-24 16:46:46 INFO  ContextCleaner:54 - Cleaned accumulator 4
2018-06-24 16:46:46 INFO  ContextCleaner:54 - Cleaned accumulator 7
2018-06-24 16:46:46 INFO  ContextCleaner:54 - Cleaned accumulator 9
2018-06-24 16:46:46 INFO  ContextCleaner:54 - Cleaned accumulator 24
2018-06-24 16:46:46 INFO  SparkContext:54 - Created broadcast 10 from textFile at ReadWrite.scala:387
2018-06-24 16:46:46 INFO  ContextCleaner:54 - Cleaned accumulator 19
2018-06-24 16:46:46 INFO  ContextCleaner:54 - Cleaned accumulator 23
2018-06-24 16:46:46 INFO  ContextCleaner:54 - Cleaned accumulator 6
2018-06-24 16:46:46 INFO  ContextCleaner:54 - Cleaned accumulator 11
2018-06-24 16:46:46 INFO  BlockManagerInfo:54 - Removed broadcast_1_piece0 on ip-172-31-29-64.ca-central-1.compute.internal:36508 in memory (size: 3.4 KB, free: 413.9 MB)
2018-06-24 16:46:46 INFO  ContextCleaner:54 - Cleaned accumulator 25
2018-06-24 16:46:46 INFO  ContextCleaner:54 - Cleaned accumulator 21
2018-06-24 16:46:46 INFO  FileInputFormat:249 - Total input paths to process : 1
2018-06-24 16:46:46 INFO  SparkContext:54 - Starting job: first at ReadWrite.scala:387
2018-06-24 16:46:46 INFO  DAGScheduler:54 - Got job 5 (first at ReadWrite.scala:387) with 1 output partitions
2018-06-24 16:46:46 INFO  DAGScheduler:54 - Final stage: ResultStage 5 (first at ReadWrite.scala:387)
2018-06-24 16:46:46 INFO  DAGScheduler:54 - Parents of final stage: List()
2018-06-24 16:46:46 INFO  DAGScheduler:54 - Missing parents: List()
2018-06-24 16:46:46 INFO  DAGScheduler:54 - Submitting ResultStage 5 (standford_500.logreg.model/stages/1_StopWordsRemover_4f829c08ee6c01a67ff7/metadata MapPartitionsRDD[12] at textFile at ReadWrite.scala:387), which has no missing parents
2018-06-24 16:46:46 INFO  MemoryStore:54 - Block broadcast_11 stored as values in memory (estimated size 3.4 KB, free 413.4 MB)
2018-06-24 16:46:46 INFO  MemoryStore:54 - Block broadcast_11_piece0 stored as bytes in memory (estimated size 2039.0 B, free 413.4 MB)
2018-06-24 16:46:46 INFO  BlockManagerInfo:54 - Added broadcast_11_piece0 in memory on ip-172-31-29-64.ca-central-1.compute.internal:36508 (size: 2039.0 B, free: 413.9 MB)
2018-06-24 16:46:46 INFO  SparkContext:54 - Created broadcast 11 from broadcast at DAGScheduler.scala:1039
2018-06-24 16:46:46 INFO  DAGScheduler:54 - Submitting 1 missing tasks from ResultStage 5 (standford_500.logreg.model/stages/1_StopWordsRemover_4f829c08ee6c01a67ff7/metadata MapPartitionsRDD[12] at textFile at ReadWrite.scala:387) (first 15 tasks are for partitions Vector(0))
2018-06-24 16:46:46 INFO  TaskSchedulerImpl:54 - Adding task set 5.0 with 1 tasks
2018-06-24 16:46:46 INFO  TaskSetManager:54 - Starting task 0.0 in stage 5.0 (TID 5, localhost, executor driver, partition 0, PROCESS_LOCAL, 7979 bytes)
2018-06-24 16:46:46 INFO  Executor:54 - Running task 0.0 in stage 5.0 (TID 5)
2018-06-24 16:46:46 INFO  HadoopRDD:54 - Input split: file:/home/ubuntu/assignment/a3/A3_DB/standford_500.logreg.model/stages/1_StopWordsRemover_4f829c08ee6c01a67ff7/metadata/part-00000:0+283
2018-06-24 16:46:46 INFO  Executor:54 - Finished task 0.0 in stage 5.0 (TID 5). 1082 bytes result sent to driver
2018-06-24 16:46:46 INFO  TaskSetManager:54 - Finished task 0.0 in stage 5.0 (TID 5) in 10 ms on localhost (executor driver) (1/1)
2018-06-24 16:46:46 INFO  TaskSchedulerImpl:54 - Removed TaskSet 5.0, whose tasks have all completed, from pool 
2018-06-24 16:46:46 INFO  DAGScheduler:54 - ResultStage 5 (first at ReadWrite.scala:387) finished in 0.027 s
2018-06-24 16:46:46 INFO  DAGScheduler:54 - Job 5 finished: first at ReadWrite.scala:387, took 0.036671 s
2018-06-24 16:46:46 INFO  ContextCleaner:54 - Cleaned accumulator 146
2018-06-24 16:46:46 INFO  ContextCleaner:54 - Cleaned accumulator 148
2018-06-24 16:46:46 INFO  ContextCleaner:54 - Cleaned accumulator 130
2018-06-24 16:46:46 INFO  ContextCleaner:54 - Cleaned accumulator 132
2018-06-24 16:46:46 INFO  ContextCleaner:54 - Cleaned accumulator 145
2018-06-24 16:46:46 INFO  ContextCleaner:54 - Cleaned accumulator 143
2018-06-24 16:46:46 INFO  ContextCleaner:54 - Cleaned accumulator 144
2018-06-24 16:46:46 INFO  ContextCleaner:54 - Cleaned accumulator 127
2018-06-24 16:46:46 INFO  ContextCleaner:54 - Cleaned accumulator 139
2018-06-24 16:46:46 INFO  ContextCleaner:54 - Cleaned accumulator 138
2018-06-24 16:46:46 INFO  ContextCleaner:54 - Cleaned accumulator 133
2018-06-24 16:46:46 INFO  ContextCleaner:54 - Cleaned accumulator 140
2018-06-24 16:46:46 INFO  ContextCleaner:54 - Cleaned accumulator 131
2018-06-24 16:46:46 INFO  ContextCleaner:54 - Cleaned accumulator 137
2018-06-24 16:46:46 INFO  ContextCleaner:54 - Cleaned accumulator 149
2018-06-24 16:46:46 INFO  ContextCleaner:54 - Cleaned accumulator 142
2018-06-24 16:46:46 INFO  ContextCleaner:54 - Cleaned accumulator 129
2018-06-24 16:46:46 INFO  ContextCleaner:54 - Cleaned accumulator 128
2018-06-24 16:46:46 INFO  ContextCleaner:54 - Cleaned accumulator 141
2018-06-24 16:46:46 INFO  BlockManagerInfo:54 - Removed broadcast_11_piece0 on ip-172-31-29-64.ca-central-1.compute.internal:36508 in memory (size: 2039.0 B, free: 413.9 MB)
2018-06-24 16:46:46 INFO  ContextCleaner:54 - Cleaned accumulator 126
2018-06-24 16:46:46 INFO  ContextCleaner:54 - Cleaned accumulator 135
2018-06-24 16:46:46 INFO  ContextCleaner:54 - Cleaned accumulator 147
2018-06-24 16:46:46 INFO  ContextCleaner:54 - Cleaned accumulator 136
2018-06-24 16:46:46 INFO  ContextCleaner:54 - Cleaned accumulator 150
2018-06-24 16:46:46 INFO  ContextCleaner:54 - Cleaned accumulator 134
2018-06-24 16:46:46 INFO  MemoryStore:54 - Block broadcast_12 stored as values in memory (estimated size 236.5 KB, free 413.2 MB)
2018-06-24 16:46:46 INFO  MemoryStore:54 - Block broadcast_12_piece0 stored as bytes in memory (estimated size 22.9 KB, free 413.2 MB)
2018-06-24 16:46:46 INFO  BlockManagerInfo:54 - Added broadcast_12_piece0 in memory on ip-172-31-29-64.ca-central-1.compute.internal:36508 (size: 22.9 KB, free: 413.9 MB)
2018-06-24 16:46:46 INFO  SparkContext:54 - Created broadcast 12 from textFile at ReadWrite.scala:387
2018-06-24 16:46:46 INFO  FileInputFormat:249 - Total input paths to process : 1
2018-06-24 16:46:46 INFO  SparkContext:54 - Starting job: first at ReadWrite.scala:387
2018-06-24 16:46:46 INFO  DAGScheduler:54 - Got job 6 (first at ReadWrite.scala:387) with 1 output partitions
2018-06-24 16:46:46 INFO  DAGScheduler:54 - Final stage: ResultStage 6 (first at ReadWrite.scala:387)
2018-06-24 16:46:46 INFO  DAGScheduler:54 - Parents of final stage: List()
2018-06-24 16:46:46 INFO  DAGScheduler:54 - Missing parents: List()
2018-06-24 16:46:46 INFO  DAGScheduler:54 - Submitting ResultStage 6 (standford_500.logreg.model/stages/2_CountVectorizer_4b54bcf5f53977fdb584/metadata MapPartitionsRDD[14] at textFile at ReadWrite.scala:387), which has no missing parents
2018-06-24 16:46:46 INFO  MemoryStore:54 - Block broadcast_13 stored as values in memory (estimated size 3.4 KB, free 413.2 MB)
2018-06-24 16:46:46 INFO  MemoryStore:54 - Block broadcast_13_piece0 stored as bytes in memory (estimated size 2043.0 B, free 413.2 MB)
2018-06-24 16:46:46 INFO  BlockManagerInfo:54 - Added broadcast_13_piece0 in memory on ip-172-31-29-64.ca-central-1.compute.internal:36508 (size: 2043.0 B, free: 413.9 MB)
2018-06-24 16:46:46 INFO  SparkContext:54 - Created broadcast 13 from broadcast at DAGScheduler.scala:1039
2018-06-24 16:46:46 INFO  DAGScheduler:54 - Submitting 1 missing tasks from ResultStage 6 (standford_500.logreg.model/stages/2_CountVectorizer_4b54bcf5f53977fdb584/metadata MapPartitionsRDD[14] at textFile at ReadWrite.scala:387) (first 15 tasks are for partitions Vector(0))
2018-06-24 16:46:46 INFO  TaskSchedulerImpl:54 - Adding task set 6.0 with 1 tasks
2018-06-24 16:46:46 INFO  TaskSetManager:54 - Starting task 0.0 in stage 6.0 (TID 6, localhost, executor driver, partition 0, PROCESS_LOCAL, 7978 bytes)
2018-06-24 16:46:46 INFO  Executor:54 - Running task 0.0 in stage 6.0 (TID 6)
2018-06-24 16:46:46 INFO  HadoopRDD:54 - Input split: file:/home/ubuntu/assignment/a3/A3_DB/standford_500.logreg.model/stages/2_CountVectorizer_4b54bcf5f53977fdb584/metadata/part-00000:0+270
2018-06-24 16:46:46 INFO  Executor:54 - Finished task 0.0 in stage 6.0 (TID 6). 1069 bytes result sent to driver
2018-06-24 16:46:46 INFO  TaskSetManager:54 - Finished task 0.0 in stage 6.0 (TID 6) in 8 ms on localhost (executor driver) (1/1)
2018-06-24 16:46:46 INFO  TaskSchedulerImpl:54 - Removed TaskSet 6.0, whose tasks have all completed, from pool 
2018-06-24 16:46:46 INFO  DAGScheduler:54 - ResultStage 6 (first at ReadWrite.scala:387) finished in 0.022 s
2018-06-24 16:46:46 INFO  DAGScheduler:54 - Job 6 finished: first at ReadWrite.scala:387, took 0.025977 s
2018-06-24 16:46:46 INFO  MemoryStore:54 - Block broadcast_14 stored as values in memory (estimated size 236.5 KB, free 412.9 MB)
2018-06-24 16:46:46 INFO  ContextCleaner:54 - Cleaned accumulator 174
2018-06-24 16:46:46 INFO  BlockManagerInfo:54 - Removed broadcast_13_piece0 on ip-172-31-29-64.ca-central-1.compute.internal:36508 in memory (size: 2043.0 B, free: 413.9 MB)
2018-06-24 16:46:46 INFO  ContextCleaner:54 - Cleaned accumulator 155
2018-06-24 16:46:46 INFO  ContextCleaner:54 - Cleaned accumulator 156
2018-06-24 16:46:46 INFO  ContextCleaner:54 - Cleaned accumulator 152
2018-06-24 16:46:46 INFO  ContextCleaner:54 - Cleaned accumulator 151
2018-06-24 16:46:46 INFO  ContextCleaner:54 - Cleaned accumulator 161
2018-06-24 16:46:46 INFO  ContextCleaner:54 - Cleaned accumulator 162
2018-06-24 16:46:46 INFO  BlockManagerInfo:54 - Removed broadcast_12_piece0 on ip-172-31-29-64.ca-central-1.compute.internal:36508 in memory (size: 22.9 KB, free: 413.9 MB)
2018-06-24 16:46:46 INFO  ContextCleaner:54 - Cleaned accumulator 170
2018-06-24 16:46:46 INFO  ContextCleaner:54 - Cleaned accumulator 159
2018-06-24 16:46:46 INFO  ContextCleaner:54 - Cleaned accumulator 157
2018-06-24 16:46:46 INFO  ContextCleaner:54 - Cleaned accumulator 160
2018-06-24 16:46:46 INFO  ContextCleaner:54 - Cleaned accumulator 163
2018-06-24 16:46:46 INFO  ContextCleaner:54 - Cleaned accumulator 164
2018-06-24 16:46:46 INFO  ContextCleaner:54 - Cleaned accumulator 165
2018-06-24 16:46:46 INFO  ContextCleaner:54 - Cleaned accumulator 169
2018-06-24 16:46:46 INFO  ContextCleaner:54 - Cleaned accumulator 153
2018-06-24 16:46:46 INFO  ContextCleaner:54 - Cleaned accumulator 158
2018-06-24 16:46:46 INFO  ContextCleaner:54 - Cleaned accumulator 154
2018-06-24 16:46:46 INFO  ContextCleaner:54 - Cleaned accumulator 166
2018-06-24 16:46:46 INFO  ContextCleaner:54 - Cleaned accumulator 172
2018-06-24 16:46:46 INFO  ContextCleaner:54 - Cleaned accumulator 173
2018-06-24 16:46:46 INFO  ContextCleaner:54 - Cleaned accumulator 171
2018-06-24 16:46:46 INFO  ContextCleaner:54 - Cleaned accumulator 167
2018-06-24 16:46:46 INFO  ContextCleaner:54 - Cleaned accumulator 168
2018-06-24 16:46:46 INFO  ContextCleaner:54 - Cleaned accumulator 175
2018-06-24 16:46:46 INFO  MemoryStore:54 - Block broadcast_14_piece0 stored as bytes in memory (estimated size 22.9 KB, free 413.2 MB)
2018-06-24 16:46:46 INFO  BlockManagerInfo:54 - Added broadcast_14_piece0 in memory on ip-172-31-29-64.ca-central-1.compute.internal:36508 (size: 22.9 KB, free: 413.9 MB)
2018-06-24 16:46:46 INFO  SparkContext:54 - Created broadcast 14 from textFile at ReadWrite.scala:387
2018-06-24 16:46:46 INFO  FileInputFormat:249 - Total input paths to process : 1
2018-06-24 16:46:46 INFO  SparkContext:54 - Starting job: first at ReadWrite.scala:387
2018-06-24 16:46:46 INFO  DAGScheduler:54 - Got job 7 (first at ReadWrite.scala:387) with 1 output partitions
2018-06-24 16:46:46 INFO  DAGScheduler:54 - Final stage: ResultStage 7 (first at ReadWrite.scala:387)
2018-06-24 16:46:46 INFO  DAGScheduler:54 - Parents of final stage: List()
2018-06-24 16:46:46 INFO  DAGScheduler:54 - Missing parents: List()
2018-06-24 16:46:46 INFO  DAGScheduler:54 - Submitting ResultStage 7 (standford_500.logreg.model/stages/2_CountVectorizer_4b54bcf5f53977fdb584/metadata MapPartitionsRDD[16] at textFile at ReadWrite.scala:387), which has no missing parents
2018-06-24 16:46:46 INFO  MemoryStore:54 - Block broadcast_15 stored as values in memory (estimated size 3.4 KB, free 413.2 MB)
2018-06-24 16:46:46 INFO  MemoryStore:54 - Block broadcast_15_piece0 stored as bytes in memory (estimated size 2042.0 B, free 413.2 MB)
2018-06-24 16:46:46 INFO  BlockManagerInfo:54 - Added broadcast_15_piece0 in memory on ip-172-31-29-64.ca-central-1.compute.internal:36508 (size: 2042.0 B, free: 413.9 MB)
2018-06-24 16:46:46 INFO  SparkContext:54 - Created broadcast 15 from broadcast at DAGScheduler.scala:1039
2018-06-24 16:46:46 INFO  DAGScheduler:54 - Submitting 1 missing tasks from ResultStage 7 (standford_500.logreg.model/stages/2_CountVectorizer_4b54bcf5f53977fdb584/metadata MapPartitionsRDD[16] at textFile at ReadWrite.scala:387) (first 15 tasks are for partitions Vector(0))
2018-06-24 16:46:46 INFO  TaskSchedulerImpl:54 - Adding task set 7.0 with 1 tasks
2018-06-24 16:46:46 INFO  TaskSetManager:54 - Starting task 0.0 in stage 7.0 (TID 7, localhost, executor driver, partition 0, PROCESS_LOCAL, 7978 bytes)
2018-06-24 16:46:46 INFO  Executor:54 - Running task 0.0 in stage 7.0 (TID 7)
2018-06-24 16:46:46 INFO  HadoopRDD:54 - Input split: file:/home/ubuntu/assignment/a3/A3_DB/standford_500.logreg.model/stages/2_CountVectorizer_4b54bcf5f53977fdb584/metadata/part-00000:0+270
2018-06-24 16:46:46 INFO  Executor:54 - Finished task 0.0 in stage 7.0 (TID 7). 1069 bytes result sent to driver
2018-06-24 16:46:46 INFO  TaskSetManager:54 - Finished task 0.0 in stage 7.0 (TID 7) in 9 ms on localhost (executor driver) (1/1)
2018-06-24 16:46:46 INFO  TaskSchedulerImpl:54 - Removed TaskSet 7.0, whose tasks have all completed, from pool 
2018-06-24 16:46:46 INFO  DAGScheduler:54 - ResultStage 7 (first at ReadWrite.scala:387) finished in 0.028 s
2018-06-24 16:46:46 INFO  DAGScheduler:54 - Job 7 finished: first at ReadWrite.scala:387, took 0.032126 s
2018-06-24 16:46:46 INFO  SharedState:54 - Setting hive.metastore.warehouse.dir ('null') to the value of spark.sql.warehouse.dir ('file:/home/ubuntu/assignment/a3/A3_DB/spark-warehouse/').
2018-06-24 16:46:46 INFO  SharedState:54 - Warehouse path is 'file:/home/ubuntu/assignment/a3/A3_DB/spark-warehouse/'.
2018-06-24 16:46:46 INFO  ContextHandler:781 - Started o.s.j.s.ServletContextHandler@26f03c19{/SQL,null,AVAILABLE,@Spark}
2018-06-24 16:46:46 INFO  ContextHandler:781 - Started o.s.j.s.ServletContextHandler@4ce04c3d{/SQL/json,null,AVAILABLE,@Spark}
2018-06-24 16:46:46 INFO  ContextHandler:781 - Started o.s.j.s.ServletContextHandler@346e3ceb{/SQL/execution,null,AVAILABLE,@Spark}
2018-06-24 16:46:46 INFO  ContextHandler:781 - Started o.s.j.s.ServletContextHandler@2c45a0e7{/SQL/execution/json,null,AVAILABLE,@Spark}
2018-06-24 16:46:46 INFO  ContextHandler:781 - Started o.s.j.s.ServletContextHandler@207098e5{/static/sql,null,AVAILABLE,@Spark}
2018-06-24 16:46:46 INFO  BlockManagerInfo:54 - Removed broadcast_14_piece0 on ip-172-31-29-64.ca-central-1.compute.internal:36508 in memory (size: 22.9 KB, free: 413.9 MB)
2018-06-24 16:46:46 INFO  ContextCleaner:54 - Cleaned accumulator 189
2018-06-24 16:46:46 INFO  ContextCleaner:54 - Cleaned accumulator 190
2018-06-24 16:46:46 INFO  ContextCleaner:54 - Cleaned accumulator 182
2018-06-24 16:46:46 INFO  ContextCleaner:54 - Cleaned accumulator 191
2018-06-24 16:46:46 INFO  ContextCleaner:54 - Cleaned accumulator 178
2018-06-24 16:46:46 INFO  BlockManagerInfo:54 - Removed broadcast_15_piece0 on ip-172-31-29-64.ca-central-1.compute.internal:36508 in memory (size: 2042.0 B, free: 413.9 MB)
2018-06-24 16:46:46 INFO  ContextCleaner:54 - Cleaned accumulator 184
2018-06-24 16:46:46 INFO  ContextCleaner:54 - Cleaned accumulator 185
2018-06-24 16:46:46 INFO  ContextCleaner:54 - Cleaned accumulator 179
2018-06-24 16:46:46 INFO  ContextCleaner:54 - Cleaned accumulator 196
2018-06-24 16:46:46 INFO  ContextCleaner:54 - Cleaned accumulator 199
2018-06-24 16:46:46 INFO  ContextCleaner:54 - Cleaned accumulator 180
2018-06-24 16:46:46 INFO  ContextCleaner:54 - Cleaned accumulator 193
2018-06-24 16:46:46 INFO  ContextCleaner:54 - Cleaned accumulator 198
2018-06-24 16:46:46 INFO  ContextCleaner:54 - Cleaned accumulator 177
2018-06-24 16:46:46 INFO  ContextCleaner:54 - Cleaned accumulator 195
2018-06-24 16:46:46 INFO  ContextCleaner:54 - Cleaned accumulator 197
2018-06-24 16:46:46 INFO  ContextCleaner:54 - Cleaned accumulator 176
2018-06-24 16:46:46 INFO  ContextCleaner:54 - Cleaned accumulator 186
2018-06-24 16:46:46 INFO  ContextCleaner:54 - Cleaned accumulator 183
2018-06-24 16:46:46 INFO  ContextCleaner:54 - Cleaned accumulator 200
2018-06-24 16:46:46 INFO  ContextCleaner:54 - Cleaned accumulator 187
2018-06-24 16:46:46 INFO  ContextCleaner:54 - Cleaned accumulator 192
2018-06-24 16:46:46 INFO  ContextCleaner:54 - Cleaned accumulator 181
2018-06-24 16:46:46 INFO  ContextCleaner:54 - Cleaned accumulator 188
2018-06-24 16:46:46 INFO  ContextCleaner:54 - Cleaned accumulator 194
2018-06-24 16:46:47 INFO  StateStoreCoordinatorRef:54 - Registered StateStoreCoordinator endpoint
2018-06-24 16:46:47 INFO  SparkContext:54 - Starting job: parquet at CountVectorizer.scala:308
2018-06-24 16:46:47 INFO  DAGScheduler:54 - Got job 8 (parquet at CountVectorizer.scala:308) with 1 output partitions
2018-06-24 16:46:47 INFO  DAGScheduler:54 - Final stage: ResultStage 8 (parquet at CountVectorizer.scala:308)
2018-06-24 16:46:47 INFO  DAGScheduler:54 - Parents of final stage: List()
2018-06-24 16:46:47 INFO  DAGScheduler:54 - Missing parents: List()
2018-06-24 16:46:47 INFO  DAGScheduler:54 - Submitting ResultStage 8 (MapPartitionsRDD[18] at parquet at CountVectorizer.scala:308), which has no missing parents
2018-06-24 16:46:47 INFO  MemoryStore:54 - Block broadcast_16 stored as values in memory (estimated size 70.2 KB, free 413.3 MB)
2018-06-24 16:46:47 INFO  MemoryStore:54 - Block broadcast_16_piece0 stored as bytes in memory (estimated size 24.9 KB, free 413.3 MB)
2018-06-24 16:46:47 INFO  BlockManagerInfo:54 - Added broadcast_16_piece0 in memory on ip-172-31-29-64.ca-central-1.compute.internal:36508 (size: 24.9 KB, free: 413.9 MB)
2018-06-24 16:46:47 INFO  SparkContext:54 - Created broadcast 16 from broadcast at DAGScheduler.scala:1039
2018-06-24 16:46:47 INFO  DAGScheduler:54 - Submitting 1 missing tasks from ResultStage 8 (MapPartitionsRDD[18] at parquet at CountVectorizer.scala:308) (first 15 tasks are for partitions Vector(0))
2018-06-24 16:46:47 INFO  TaskSchedulerImpl:54 - Adding task set 8.0 with 1 tasks
2018-06-24 16:46:47 INFO  TaskSetManager:54 - Starting task 0.0 in stage 8.0 (TID 8, localhost, executor driver, partition 0, PROCESS_LOCAL, 8137 bytes)
2018-06-24 16:46:47 INFO  Executor:54 - Running task 0.0 in stage 8.0 (TID 8)
2018-06-24 16:46:48 INFO  Executor:54 - Finished task 0.0 in stage 8.0 (TID 8). 1638 bytes result sent to driver
2018-06-24 16:46:48 INFO  TaskSetManager:54 - Finished task 0.0 in stage 8.0 (TID 8) in 261 ms on localhost (executor driver) (1/1)
2018-06-24 16:46:48 INFO  TaskSchedulerImpl:54 - Removed TaskSet 8.0, whose tasks have all completed, from pool 
2018-06-24 16:46:48 INFO  DAGScheduler:54 - ResultStage 8 (parquet at CountVectorizer.scala:308) finished in 0.310 s
2018-06-24 16:46:48 INFO  DAGScheduler:54 - Job 8 finished: parquet at CountVectorizer.scala:308, took 0.313599 s
2018-06-24 16:46:49 INFO  ContextCleaner:54 - Cleaned accumulator 205
2018-06-24 16:46:49 INFO  ContextCleaner:54 - Cleaned accumulator 216
2018-06-24 16:46:49 INFO  ContextCleaner:54 - Cleaned accumulator 208
2018-06-24 16:46:49 INFO  ContextCleaner:54 - Cleaned accumulator 214
2018-06-24 16:46:49 INFO  ContextCleaner:54 - Cleaned accumulator 220
2018-06-24 16:46:49 INFO  ContextCleaner:54 - Cleaned accumulator 206
2018-06-24 16:46:49 INFO  ContextCleaner:54 - Cleaned accumulator 222
2018-06-24 16:46:49 INFO  ContextCleaner:54 - Cleaned accumulator 215
2018-06-24 16:46:49 INFO  BlockManagerInfo:54 - Removed broadcast_16_piece0 on ip-172-31-29-64.ca-central-1.compute.internal:36508 in memory (size: 24.9 KB, free: 413.9 MB)
2018-06-24 16:46:49 INFO  ContextCleaner:54 - Cleaned accumulator 207
2018-06-24 16:46:49 INFO  ContextCleaner:54 - Cleaned accumulator 224
2018-06-24 16:46:49 INFO  ContextCleaner:54 - Cleaned accumulator 212
2018-06-24 16:46:49 INFO  ContextCleaner:54 - Cleaned accumulator 221
2018-06-24 16:46:49 INFO  ContextCleaner:54 - Cleaned accumulator 218
2018-06-24 16:46:49 INFO  ContextCleaner:54 - Cleaned accumulator 204
2018-06-24 16:46:49 INFO  ContextCleaner:54 - Cleaned accumulator 209
2018-06-24 16:46:49 INFO  ContextCleaner:54 - Cleaned accumulator 203
2018-06-24 16:46:49 INFO  ContextCleaner:54 - Cleaned accumulator 201
2018-06-24 16:46:49 INFO  ContextCleaner:54 - Cleaned accumulator 223
2018-06-24 16:46:49 INFO  BlockManagerInfo:54 - Removed broadcast_10_piece0 on ip-172-31-29-64.ca-central-1.compute.internal:36508 in memory (size: 22.9 KB, free: 413.9 MB)
2018-06-24 16:46:49 INFO  ContextCleaner:54 - Cleaned accumulator 219
2018-06-24 16:46:49 INFO  ContextCleaner:54 - Cleaned accumulator 210
2018-06-24 16:46:49 INFO  ContextCleaner:54 - Cleaned accumulator 211
2018-06-24 16:46:49 INFO  ContextCleaner:54 - Cleaned accumulator 217
2018-06-24 16:46:49 INFO  ContextCleaner:54 - Cleaned accumulator 202
2018-06-24 16:46:49 INFO  ContextCleaner:54 - Cleaned accumulator 213
2018-06-24 16:46:49 INFO  ContextCleaner:54 - Cleaned accumulator 225
2018-06-24 16:46:50 INFO  FileSourceStrategy:54 - Pruning directories with: 
2018-06-24 16:46:50 INFO  FileSourceStrategy:54 - Post-Scan Filters: 
2018-06-24 16:46:50 INFO  FileSourceStrategy:54 - Output Data Schema: struct<vocabulary: array<string>>
2018-06-24 16:46:50 INFO  FileSourceScanExec:54 - Pushed Filters: 
2018-06-24 16:46:50 INFO  CodeGenerator:54 - Code generated in 439.127058 ms
2018-06-24 16:46:51 INFO  CodeGenerator:54 - Code generated in 88.433037 ms
2018-06-24 16:46:51 INFO  MemoryStore:54 - Block broadcast_17 stored as values in memory (estimated size 279.6 KB, free 413.4 MB)
2018-06-24 16:46:51 INFO  MemoryStore:54 - Block broadcast_17_piece0 stored as bytes in memory (estimated size 24.0 KB, free 413.4 MB)
2018-06-24 16:46:51 INFO  BlockManagerInfo:54 - Added broadcast_17_piece0 in memory on ip-172-31-29-64.ca-central-1.compute.internal:36508 (size: 24.0 KB, free: 413.9 MB)
2018-06-24 16:46:51 INFO  SparkContext:54 - Created broadcast 17 from head at CountVectorizer.scala:310
2018-06-24 16:46:51 INFO  FileSourceScanExec:54 - Planning scan with bin packing, max size: 4194304 bytes, open cost is considered as scanning 4194304 bytes.
2018-06-24 16:46:51 INFO  SparkContext:54 - Starting job: head at CountVectorizer.scala:310
2018-06-24 16:46:51 INFO  DAGScheduler:54 - Got job 9 (head at CountVectorizer.scala:310) with 1 output partitions
2018-06-24 16:46:51 INFO  DAGScheduler:54 - Final stage: ResultStage 9 (head at CountVectorizer.scala:310)
2018-06-24 16:46:51 INFO  DAGScheduler:54 - Parents of final stage: List()
2018-06-24 16:46:51 INFO  DAGScheduler:54 - Missing parents: List()
2018-06-24 16:46:51 INFO  DAGScheduler:54 - Submitting ResultStage 9 (MapPartitionsRDD[22] at head at CountVectorizer.scala:310), which has no missing parents
2018-06-24 16:46:51 INFO  MemoryStore:54 - Block broadcast_18 stored as values in memory (estimated size 10.0 KB, free 413.4 MB)
2018-06-24 16:46:51 INFO  MemoryStore:54 - Block broadcast_18_piece0 stored as bytes in memory (estimated size 4.7 KB, free 413.4 MB)
2018-06-24 16:46:51 INFO  BlockManagerInfo:54 - Added broadcast_18_piece0 in memory on ip-172-31-29-64.ca-central-1.compute.internal:36508 (size: 4.7 KB, free: 413.9 MB)
2018-06-24 16:46:51 INFO  SparkContext:54 - Created broadcast 18 from broadcast at DAGScheduler.scala:1039
2018-06-24 16:46:51 INFO  DAGScheduler:54 - Submitting 1 missing tasks from ResultStage 9 (MapPartitionsRDD[22] at head at CountVectorizer.scala:310) (first 15 tasks are for partitions Vector(0))
2018-06-24 16:46:51 INFO  TaskSchedulerImpl:54 - Adding task set 9.0 with 1 tasks
2018-06-24 16:46:51 INFO  TaskSetManager:54 - Starting task 0.0 in stage 9.0 (TID 9, localhost, executor driver, partition 0, PROCESS_LOCAL, 8450 bytes)
2018-06-24 16:46:51 INFO  Executor:54 - Running task 0.0 in stage 9.0 (TID 9)
2018-06-24 16:46:51 INFO  FileScanRDD:54 - Reading File path: file:///home/ubuntu/assignment/a3/A3_DB/standford_500.logreg.model/stages/2_CountVectorizer_4b54bcf5f53977fdb584/data/part-00000-8d27ada6-f2e9-47c9-93ee-8cb4c75eef6b-c000.snappy.parquet, range: 0-1815, partition values: [empty row]
2018-06-24 16:46:51 INFO  ParquetReadSupport:54 - Going to read the following fields from the Parquet file:

Parquet form:
message spark_schema {
  optional group vocabulary (LIST) {
    repeated group list {
      optional binary element (UTF8);
    }
  }
}

Catalyst form:
StructType(StructField(vocabulary,ArrayType(StringType,true),true))
       
2018-06-24 16:46:51 INFO  CodeGenerator:54 - Code generated in 44.091881 ms
2018-06-24 16:46:51 INFO  InternalParquetRecordReader:183 - RecordReader initialized will read a total of 1 records.
2018-06-24 16:46:51 INFO  InternalParquetRecordReader:124 - at row 0. reading next block
2018-06-24 16:46:51 INFO  CodecPool:181 - Got brand-new decompressor [.snappy]
2018-06-24 16:46:51 INFO  InternalParquetRecordReader:133 - block read in memory in 40 ms. row count = 1
2018-06-24 16:46:51 INFO  Executor:54 - Finished task 0.0 in stage 9.0 (TID 9). 3433 bytes result sent to driver
2018-06-24 16:46:51 INFO  TaskSetManager:54 - Finished task 0.0 in stage 9.0 (TID 9) in 541 ms on localhost (executor driver) (1/1)
2018-06-24 16:46:51 INFO  TaskSchedulerImpl:54 - Removed TaskSet 9.0, whose tasks have all completed, from pool 
2018-06-24 16:46:51 INFO  DAGScheduler:54 - ResultStage 9 (head at CountVectorizer.scala:310) finished in 0.585 s
2018-06-24 16:46:51 INFO  DAGScheduler:54 - Job 9 finished: head at CountVectorizer.scala:310, took 0.597640 s
2018-06-24 16:46:51 INFO  MemoryStore:54 - Block broadcast_19 stored as values in memory (estimated size 238.7 KB, free 413.1 MB)
2018-06-24 16:46:51 INFO  MemoryStore:54 - Block broadcast_19_piece0 stored as bytes in memory (estimated size 23.0 KB, free 413.1 MB)
2018-06-24 16:46:51 INFO  BlockManagerInfo:54 - Added broadcast_19_piece0 in memory on ip-172-31-29-64.ca-central-1.compute.internal:36508 (size: 23.0 KB, free: 413.9 MB)
2018-06-24 16:46:51 INFO  SparkContext:54 - Created broadcast 19 from textFile at ReadWrite.scala:387
2018-06-24 16:46:51 INFO  FileInputFormat:249 - Total input paths to process : 1
2018-06-24 16:46:51 INFO  SparkContext:54 - Starting job: first at ReadWrite.scala:387
2018-06-24 16:46:51 INFO  DAGScheduler:54 - Got job 10 (first at ReadWrite.scala:387) with 1 output partitions
2018-06-24 16:46:51 INFO  DAGScheduler:54 - Final stage: ResultStage 10 (first at ReadWrite.scala:387)
2018-06-24 16:46:51 INFO  DAGScheduler:54 - Parents of final stage: List()
2018-06-24 16:46:51 INFO  DAGScheduler:54 - Missing parents: List()
2018-06-24 16:46:51 INFO  DAGScheduler:54 - Submitting ResultStage 10 (standford_500.logreg.model/stages/3_LogisticRegression_494d87f0edd8652d380c/metadata MapPartitionsRDD[24] at textFile at ReadWrite.scala:387), which has no missing parents
2018-06-24 16:46:51 INFO  MemoryStore:54 - Block broadcast_20 stored as values in memory (estimated size 3.4 KB, free 413.1 MB)
2018-06-24 16:46:51 INFO  MemoryStore:54 - Block broadcast_20_piece0 stored as bytes in memory (estimated size 2039.0 B, free 413.1 MB)
2018-06-24 16:46:51 INFO  BlockManagerInfo:54 - Added broadcast_20_piece0 in memory on ip-172-31-29-64.ca-central-1.compute.internal:36508 (size: 2039.0 B, free: 413.9 MB)
2018-06-24 16:46:51 INFO  SparkContext:54 - Created broadcast 20 from broadcast at DAGScheduler.scala:1039
2018-06-24 16:46:51 INFO  DAGScheduler:54 - Submitting 1 missing tasks from ResultStage 10 (standford_500.logreg.model/stages/3_LogisticRegression_494d87f0edd8652d380c/metadata MapPartitionsRDD[24] at textFile at ReadWrite.scala:387) (first 15 tasks are for partitions Vector(0))
2018-06-24 16:46:51 INFO  TaskSchedulerImpl:54 - Adding task set 10.0 with 1 tasks
2018-06-24 16:46:51 INFO  TaskSetManager:54 - Starting task 0.0 in stage 10.0 (TID 10, localhost, executor driver, partition 0, PROCESS_LOCAL, 7981 bytes)
2018-06-24 16:46:51 INFO  Executor:54 - Running task 0.0 in stage 10.0 (TID 10)
2018-06-24 16:46:51 INFO  HadoopRDD:54 - Input split: file:/home/ubuntu/assignment/a3/A3_DB/standford_500.logreg.model/stages/3_LogisticRegression_494d87f0edd8652d380c/metadata/part-00000:0+479
2018-06-24 16:46:51 INFO  Executor:54 - Finished task 0.0 in stage 10.0 (TID 10). 1278 bytes result sent to driver
2018-06-24 16:46:51 INFO  TaskSetManager:54 - Finished task 0.0 in stage 10.0 (TID 10) in 5 ms on localhost (executor driver) (1/1)
2018-06-24 16:46:51 INFO  TaskSchedulerImpl:54 - Removed TaskSet 10.0, whose tasks have all completed, from pool 
2018-06-24 16:46:51 INFO  DAGScheduler:54 - ResultStage 10 (first at ReadWrite.scala:387) finished in 0.016 s
2018-06-24 16:46:51 INFO  DAGScheduler:54 - Job 10 finished: first at ReadWrite.scala:387, took 0.022714 s
2018-06-24 16:46:51 INFO  MemoryStore:54 - Block broadcast_21 stored as values in memory (estimated size 238.7 KB, free 412.9 MB)
2018-06-24 16:46:51 INFO  ContextCleaner:54 - Cleaned accumulator 270
2018-06-24 16:46:51 INFO  ContextCleaner:54 - Cleaned accumulator 271
2018-06-24 16:46:51 INFO  ContextCleaner:54 - Cleaned accumulator 273
2018-06-24 16:46:51 INFO  ContextCleaner:54 - Cleaned accumulator 267
2018-06-24 16:46:51 INFO  ContextCleaner:54 - Cleaned accumulator 276
2018-06-24 16:46:51 INFO  ContextCleaner:54 - Cleaned accumulator 260
2018-06-24 16:46:51 INFO  ContextCleaner:54 - Cleaned accumulator 280
2018-06-24 16:46:51 INFO  ContextCleaner:54 - Cleaned accumulator 274
2018-06-24 16:46:51 INFO  BlockManagerInfo:54 - Removed broadcast_20_piece0 on ip-172-31-29-64.ca-central-1.compute.internal:36508 in memory (size: 2039.0 B, free: 413.9 MB)
2018-06-24 16:46:51 INFO  ContextCleaner:54 - Cleaned accumulator 272
2018-06-24 16:46:51 INFO  ContextCleaner:54 - Cleaned accumulator 278
2018-06-24 16:46:51 INFO  ContextCleaner:54 - Cleaned accumulator 269
2018-06-24 16:46:51 INFO  ContextCleaner:54 - Cleaned accumulator 256
2018-06-24 16:46:51 INFO  ContextCleaner:54 - Cleaned accumulator 259
2018-06-24 16:46:51 INFO  ContextCleaner:54 - Cleaned accumulator 264
2018-06-24 16:46:51 INFO  ContextCleaner:54 - Cleaned accumulator 279
2018-06-24 16:46:51 INFO  ContextCleaner:54 - Cleaned accumulator 262
2018-06-24 16:46:51 INFO  ContextCleaner:54 - Cleaned accumulator 275
2018-06-24 16:46:51 INFO  BlockManagerInfo:54 - Removed broadcast_19_piece0 on ip-172-31-29-64.ca-central-1.compute.internal:36508 in memory (size: 23.0 KB, free: 413.9 MB)
2018-06-24 16:46:51 INFO  ContextCleaner:54 - Cleaned accumulator 266
2018-06-24 16:46:51 INFO  ContextCleaner:54 - Cleaned accumulator 257
2018-06-24 16:46:51 INFO  ContextCleaner:54 - Cleaned accumulator 258
2018-06-24 16:46:51 INFO  ContextCleaner:54 - Cleaned accumulator 263
2018-06-24 16:46:51 INFO  ContextCleaner:54 - Cleaned accumulator 261
2018-06-24 16:46:51 INFO  ContextCleaner:54 - Cleaned accumulator 277
2018-06-24 16:46:51 INFO  ContextCleaner:54 - Cleaned accumulator 268
2018-06-24 16:46:51 INFO  ContextCleaner:54 - Cleaned accumulator 265
2018-06-24 16:46:51 INFO  MemoryStore:54 - Block broadcast_21_piece0 stored as bytes in memory (estimated size 23.0 KB, free 413.1 MB)
2018-06-24 16:46:51 INFO  BlockManagerInfo:54 - Added broadcast_21_piece0 in memory on ip-172-31-29-64.ca-central-1.compute.internal:36508 (size: 23.0 KB, free: 413.9 MB)
2018-06-24 16:46:51 INFO  SparkContext:54 - Created broadcast 21 from textFile at ReadWrite.scala:387
2018-06-24 16:46:51 INFO  FileInputFormat:249 - Total input paths to process : 1
2018-06-24 16:46:51 INFO  SparkContext:54 - Starting job: first at ReadWrite.scala:387
2018-06-24 16:46:51 INFO  DAGScheduler:54 - Got job 11 (first at ReadWrite.scala:387) with 1 output partitions
2018-06-24 16:46:51 INFO  DAGScheduler:54 - Final stage: ResultStage 11 (first at ReadWrite.scala:387)
2018-06-24 16:46:51 INFO  DAGScheduler:54 - Parents of final stage: List()
2018-06-24 16:46:51 INFO  DAGScheduler:54 - Missing parents: List()
2018-06-24 16:46:51 INFO  DAGScheduler:54 - Submitting ResultStage 11 (standford_500.logreg.model/stages/3_LogisticRegression_494d87f0edd8652d380c/metadata MapPartitionsRDD[26] at textFile at ReadWrite.scala:387), which has no missing parents
2018-06-24 16:46:51 INFO  MemoryStore:54 - Block broadcast_22 stored as values in memory (estimated size 3.4 KB, free 413.1 MB)
2018-06-24 16:46:52 INFO  MemoryStore:54 - Block broadcast_22_piece0 stored as bytes in memory (estimated size 2039.0 B, free 413.1 MB)
2018-06-24 16:46:52 INFO  BlockManagerInfo:54 - Added broadcast_22_piece0 in memory on ip-172-31-29-64.ca-central-1.compute.internal:36508 (size: 2039.0 B, free: 413.9 MB)
2018-06-24 16:46:52 INFO  SparkContext:54 - Created broadcast 22 from broadcast at DAGScheduler.scala:1039
2018-06-24 16:46:52 INFO  DAGScheduler:54 - Submitting 1 missing tasks from ResultStage 11 (standford_500.logreg.model/stages/3_LogisticRegression_494d87f0edd8652d380c/metadata MapPartitionsRDD[26] at textFile at ReadWrite.scala:387) (first 15 tasks are for partitions Vector(0))
2018-06-24 16:46:52 INFO  TaskSchedulerImpl:54 - Adding task set 11.0 with 1 tasks
2018-06-24 16:46:52 INFO  TaskSetManager:54 - Starting task 0.0 in stage 11.0 (TID 11, localhost, executor driver, partition 0, PROCESS_LOCAL, 7981 bytes)
2018-06-24 16:46:52 INFO  Executor:54 - Running task 0.0 in stage 11.0 (TID 11)
2018-06-24 16:46:52 INFO  HadoopRDD:54 - Input split: file:/home/ubuntu/assignment/a3/A3_DB/standford_500.logreg.model/stages/3_LogisticRegression_494d87f0edd8652d380c/metadata/part-00000:0+479
2018-06-24 16:46:52 INFO  Executor:54 - Finished task 0.0 in stage 11.0 (TID 11). 1278 bytes result sent to driver
2018-06-24 16:46:52 INFO  TaskSetManager:54 - Finished task 0.0 in stage 11.0 (TID 11) in 7 ms on localhost (executor driver) (1/1)
2018-06-24 16:46:52 INFO  TaskSchedulerImpl:54 - Removed TaskSet 11.0, whose tasks have all completed, from pool 
2018-06-24 16:46:52 INFO  DAGScheduler:54 - ResultStage 11 (first at ReadWrite.scala:387) finished in 0.020 s
2018-06-24 16:46:52 INFO  DAGScheduler:54 - Job 11 finished: first at ReadWrite.scala:387, took 0.024170 s
2018-06-24 16:46:52 INFO  ContextCleaner:54 - Cleaned accumulator 283
2018-06-24 16:46:52 INFO  ContextCleaner:54 - Cleaned accumulator 294
2018-06-24 16:46:52 INFO  ContextCleaner:54 - Cleaned accumulator 302
2018-06-24 16:46:52 INFO  ContextCleaner:54 - Cleaned accumulator 285
2018-06-24 16:46:52 INFO  ContextCleaner:54 - Cleaned accumulator 293
2018-06-24 16:46:52 INFO  ContextCleaner:54 - Cleaned accumulator 287
2018-06-24 16:46:52 INFO  ContextCleaner:54 - Cleaned accumulator 292
2018-06-24 16:46:52 INFO  ContextCleaner:54 - Cleaned accumulator 300
2018-06-24 16:46:52 INFO  ContextCleaner:54 - Cleaned accumulator 305
2018-06-24 16:46:52 INFO  ContextCleaner:54 - Cleaned accumulator 284
2018-06-24 16:46:52 INFO  ContextCleaner:54 - Cleaned accumulator 301
2018-06-24 16:46:52 INFO  ContextCleaner:54 - Cleaned accumulator 291
2018-06-24 16:46:52 INFO  ContextCleaner:54 - Cleaned accumulator 282
2018-06-24 16:46:52 INFO  BlockManagerInfo:54 - Removed broadcast_21_piece0 on ip-172-31-29-64.ca-central-1.compute.internal:36508 in memory (size: 23.0 KB, free: 413.9 MB)
2018-06-24 16:46:52 INFO  ContextCleaner:54 - Cleaned accumulator 296
2018-06-24 16:46:52 INFO  ContextCleaner:54 - Cleaned accumulator 289
2018-06-24 16:46:52 INFO  ContextCleaner:54 - Cleaned accumulator 297
2018-06-24 16:46:52 INFO  BlockManagerInfo:54 - Removed broadcast_22_piece0 on ip-172-31-29-64.ca-central-1.compute.internal:36508 in memory (size: 2039.0 B, free: 413.9 MB)
2018-06-24 16:46:52 INFO  ContextCleaner:54 - Cleaned accumulator 286
2018-06-24 16:46:52 INFO  ContextCleaner:54 - Cleaned accumulator 299
2018-06-24 16:46:52 INFO  ContextCleaner:54 - Cleaned accumulator 290
2018-06-24 16:46:52 INFO  ContextCleaner:54 - Cleaned accumulator 281
2018-06-24 16:46:52 INFO  ContextCleaner:54 - Cleaned accumulator 303
2018-06-24 16:46:52 INFO  ContextCleaner:54 - Cleaned accumulator 295
2018-06-24 16:46:52 INFO  ContextCleaner:54 - Cleaned accumulator 288
2018-06-24 16:46:52 INFO  ContextCleaner:54 - Cleaned accumulator 304
2018-06-24 16:46:52 INFO  ContextCleaner:54 - Cleaned accumulator 298
2018-06-24 16:46:52 INFO  SparkContext:54 - Starting job: load at LogisticRegression.scala:1247
2018-06-24 16:46:52 INFO  DAGScheduler:54 - Got job 12 (load at LogisticRegression.scala:1247) with 1 output partitions
2018-06-24 16:46:52 INFO  DAGScheduler:54 - Final stage: ResultStage 12 (load at LogisticRegression.scala:1247)
2018-06-24 16:46:52 INFO  DAGScheduler:54 - Parents of final stage: List()
2018-06-24 16:46:52 INFO  DAGScheduler:54 - Missing parents: List()
2018-06-24 16:46:52 INFO  DAGScheduler:54 - Submitting ResultStage 12 (MapPartitionsRDD[28] at load at LogisticRegression.scala:1247), which has no missing parents
2018-06-24 16:46:52 INFO  MemoryStore:54 - Block broadcast_23 stored as values in memory (estimated size 70.2 KB, free 413.3 MB)
2018-06-24 16:46:52 INFO  MemoryStore:54 - Block broadcast_23_piece0 stored as bytes in memory (estimated size 24.9 KB, free 413.3 MB)
2018-06-24 16:46:52 INFO  BlockManagerInfo:54 - Added broadcast_23_piece0 in memory on ip-172-31-29-64.ca-central-1.compute.internal:36508 (size: 24.9 KB, free: 413.9 MB)
2018-06-24 16:46:52 INFO  SparkContext:54 - Created broadcast 23 from broadcast at DAGScheduler.scala:1039
2018-06-24 16:46:52 INFO  DAGScheduler:54 - Submitting 1 missing tasks from ResultStage 12 (MapPartitionsRDD[28] at load at LogisticRegression.scala:1247) (first 15 tasks are for partitions Vector(0))
2018-06-24 16:46:52 INFO  TaskSchedulerImpl:54 - Adding task set 12.0 with 1 tasks
2018-06-24 16:46:52 INFO  TaskSetManager:54 - Starting task 0.0 in stage 12.0 (TID 12, localhost, executor driver, partition 0, PROCESS_LOCAL, 8140 bytes)
2018-06-24 16:46:52 INFO  Executor:54 - Running task 0.0 in stage 12.0 (TID 12)
2018-06-24 16:46:52 INFO  Executor:54 - Finished task 0.0 in stage 12.0 (TID 12). 2283 bytes result sent to driver
2018-06-24 16:46:52 INFO  TaskSetManager:54 - Finished task 0.0 in stage 12.0 (TID 12) in 40 ms on localhost (executor driver) (1/1)
2018-06-24 16:46:52 INFO  TaskSchedulerImpl:54 - Removed TaskSet 12.0, whose tasks have all completed, from pool 
2018-06-24 16:46:52 INFO  DAGScheduler:54 - ResultStage 12 (load at LogisticRegression.scala:1247) finished in 0.063 s
2018-06-24 16:46:52 INFO  DAGScheduler:54 - Job 12 finished: load at LogisticRegression.scala:1247, took 0.069240 s
2018-06-24 16:46:52 INFO  ContextCleaner:54 - Cleaned accumulator 328
2018-06-24 16:46:52 INFO  ContextCleaner:54 - Cleaned accumulator 310
2018-06-24 16:46:52 INFO  ContextCleaner:54 - Cleaned accumulator 311
2018-06-24 16:46:52 INFO  ContextCleaner:54 - Cleaned accumulator 315
2018-06-24 16:46:52 INFO  ContextCleaner:54 - Cleaned accumulator 314
2018-06-24 16:46:52 INFO  BlockManagerInfo:54 - Removed broadcast_23_piece0 on ip-172-31-29-64.ca-central-1.compute.internal:36508 in memory (size: 24.9 KB, free: 413.9 MB)
2018-06-24 16:46:52 INFO  ContextCleaner:54 - Cleaned accumulator 313
2018-06-24 16:46:52 INFO  ContextCleaner:54 - Cleaned accumulator 329
2018-06-24 16:46:52 INFO  ContextCleaner:54 - Cleaned accumulator 323
2018-06-24 16:46:52 INFO  ContextCleaner:54 - Cleaned accumulator 322
2018-06-24 16:46:52 INFO  ContextCleaner:54 - Cleaned accumulator 312
2018-06-24 16:46:52 INFO  ContextCleaner:54 - Cleaned accumulator 320
2018-06-24 16:46:52 INFO  ContextCleaner:54 - Cleaned accumulator 327
2018-06-24 16:46:52 INFO  ContextCleaner:54 - Cleaned accumulator 316
2018-06-24 16:46:52 INFO  ContextCleaner:54 - Cleaned accumulator 306
2018-06-24 16:46:52 INFO  ContextCleaner:54 - Cleaned accumulator 318
2018-06-24 16:46:52 INFO  ContextCleaner:54 - Cleaned accumulator 319
2018-06-24 16:46:52 INFO  ContextCleaner:54 - Cleaned accumulator 325
2018-06-24 16:46:52 INFO  ContextCleaner:54 - Cleaned accumulator 326
2018-06-24 16:46:52 INFO  ContextCleaner:54 - Cleaned accumulator 321
2018-06-24 16:46:52 INFO  ContextCleaner:54 - Cleaned accumulator 330
2018-06-24 16:46:52 INFO  ContextCleaner:54 - Cleaned accumulator 308
2018-06-24 16:46:52 INFO  ContextCleaner:54 - Cleaned accumulator 307
2018-06-24 16:46:52 INFO  ContextCleaner:54 - Cleaned accumulator 324
2018-06-24 16:46:52 INFO  ContextCleaner:54 - Cleaned accumulator 317
2018-06-24 16:46:52 INFO  ContextCleaner:54 - Cleaned accumulator 309
2018-06-24 16:46:52 INFO  FileSourceStrategy:54 - Pruning directories with: 
2018-06-24 16:46:52 INFO  FileSourceStrategy:54 - Post-Scan Filters: 
2018-06-24 16:46:52 INFO  FileSourceStrategy:54 - Output Data Schema: struct<numClasses: int, numFeatures: int, interceptVector: vector, coefficientMatrix: matrix, isMultinomial: boolean ... 3 more fields>
2018-06-24 16:46:52 INFO  FileSourceScanExec:54 - Pushed Filters: 
2018-06-24 16:46:52 INFO  CodeGenerator:54 - Code generated in 39.94061 ms
2018-06-24 16:46:52 INFO  CodeGenerator:54 - Code generated in 150.82608 ms
2018-06-24 16:46:52 INFO  MemoryStore:54 - Block broadcast_24 stored as values in memory (estimated size 285.4 KB, free 413.1 MB)
2018-06-24 16:46:52 INFO  MemoryStore:54 - Block broadcast_24_piece0 stored as bytes in memory (estimated size 24.7 KB, free 413.1 MB)
2018-06-24 16:46:52 INFO  BlockManagerInfo:54 - Added broadcast_24_piece0 in memory on ip-172-31-29-64.ca-central-1.compute.internal:36508 (size: 24.7 KB, free: 413.9 MB)
2018-06-24 16:46:52 INFO  SparkContext:54 - Created broadcast 24 from head at LogisticRegression.scala:1265
2018-06-24 16:46:52 INFO  FileSourceScanExec:54 - Planning scan with bin packing, max size: 4194304 bytes, open cost is considered as scanning 4194304 bytes.
2018-06-24 16:46:52 INFO  SparkContext:54 - Starting job: head at LogisticRegression.scala:1265
2018-06-24 16:46:52 INFO  DAGScheduler:54 - Got job 13 (head at LogisticRegression.scala:1265) with 1 output partitions
2018-06-24 16:46:52 INFO  DAGScheduler:54 - Final stage: ResultStage 13 (head at LogisticRegression.scala:1265)
2018-06-24 16:46:52 INFO  DAGScheduler:54 - Parents of final stage: List()
2018-06-24 16:46:52 INFO  DAGScheduler:54 - Missing parents: List()
2018-06-24 16:46:52 INFO  DAGScheduler:54 - Submitting ResultStage 13 (MapPartitionsRDD[32] at head at LogisticRegression.scala:1265), which has no missing parents
2018-06-24 16:46:52 INFO  MemoryStore:54 - Block broadcast_25 stored as values in memory (estimated size 29.3 KB, free 413.0 MB)
2018-06-24 16:46:52 INFO  MemoryStore:54 - Block broadcast_25_piece0 stored as bytes in memory (estimated size 8.9 KB, free 413.0 MB)
2018-06-24 16:46:52 INFO  BlockManagerInfo:54 - Added broadcast_25_piece0 in memory on ip-172-31-29-64.ca-central-1.compute.internal:36508 (size: 8.9 KB, free: 413.8 MB)
2018-06-24 16:46:52 INFO  SparkContext:54 - Created broadcast 25 from broadcast at DAGScheduler.scala:1039
2018-06-24 16:46:52 INFO  DAGScheduler:54 - Submitting 1 missing tasks from ResultStage 13 (MapPartitionsRDD[32] at head at LogisticRegression.scala:1265) (first 15 tasks are for partitions Vector(0))
2018-06-24 16:46:52 INFO  TaskSchedulerImpl:54 - Adding task set 13.0 with 1 tasks
2018-06-24 16:46:52 INFO  TaskSetManager:54 - Starting task 0.0 in stage 13.0 (TID 13, localhost, executor driver, partition 0, PROCESS_LOCAL, 8453 bytes)
2018-06-24 16:46:52 INFO  Executor:54 - Running task 0.0 in stage 13.0 (TID 13)
2018-06-24 16:46:52 INFO  FileScanRDD:54 - Reading File path: file:///home/ubuntu/assignment/a3/A3_DB/standford_500.logreg.model/stages/3_LogisticRegression_494d87f0edd8652d380c/data/part-00000-f5e29474-1aae-4c5f-914e-ca6b80951902-c000.snappy.parquet, range: 0-11567, partition values: [empty row]
2018-06-24 16:46:52 INFO  ParquetReadSupport:54 - Going to read the following fields from the Parquet file:

Parquet form:
message spark_schema {
  required int32 numClasses;
  required int32 numFeatures;
  optional group interceptVector {
    required int32 type (INT_8);
    optional int32 size;
    optional group indices (LIST) {
      repeated group list {
        required int32 element;
      }
    }
    optional group values (LIST) {
      repeated group list {
        required double element;
      }
    }
  }
  optional group coefficientMatrix {
    required int32 type (INT_8);
    required int32 numRows;
    required int32 numCols;
    optional group colPtrs (LIST) {
      repeated group list {
        required int32 element;
      }
    }
    optional group rowIndices (LIST) {
      repeated group list {
        required int32 element;
      }
    }
    optional group values (LIST) {
      repeated group list {
        required double element;
      }
    }
    required boolean isTransposed;
  }
  required boolean isMultinomial;
}

Catalyst form:
StructType(StructField(numClasses,IntegerType,true), StructField(numFeatures,IntegerType,true), StructField(interceptVector,org.apache.spark.ml.linalg.VectorUDT@3bfc3ba7,true), StructField(coefficientMatrix,org.apache.spark.ml.linalg.MatrixUDT@e59e0c69,true), StructField(isMultinomial,BooleanType,true))
       
2018-06-24 16:46:52 INFO  CodeGenerator:54 - Code generated in 86.387778 ms
2018-06-24 16:46:52 INFO  CodeGenerator:54 - Code generated in 36.433443 ms
2018-06-24 16:46:52 INFO  CodeGenerator:54 - Code generated in 44.492864 ms
2018-06-24 16:46:52 INFO  InternalParquetRecordReader:183 - RecordReader initialized will read a total of 1 records.
2018-06-24 16:46:52 INFO  InternalParquetRecordReader:124 - at row 0. reading next block
2018-06-24 16:46:52 INFO  InternalParquetRecordReader:133 - block read in memory in 6 ms. row count = 1
2018-06-24 16:46:52 INFO  Executor:54 - Finished task 0.0 in stage 13.0 (TID 13). 8136 bytes result sent to driver
2018-06-24 16:46:52 INFO  TaskSetManager:54 - Finished task 0.0 in stage 13.0 (TID 13) in 273 ms on localhost (executor driver) (1/1)
2018-06-24 16:46:52 INFO  DAGScheduler:54 - ResultStage 13 (head at LogisticRegression.scala:1265) finished in 0.282 s
2018-06-24 16:46:52 INFO  DAGScheduler:54 - Job 13 finished: head at LogisticRegression.scala:1265, took 0.290600 s
2018-06-24 16:46:52 INFO  TaskSchedulerImpl:54 - Removed TaskSet 13.0, whose tasks have all completed, from pool 
-------------------------------------------
Time: 2018-06-24 16:47:00
-------------------------------------------
RT @_orje: Imagine going to the movies and just kissing the whole time. What a waste of twenty five credits. Jeez
2018-06-24 16:47:00 ERROR JobScheduler:91 - Error running job streaming job 1529858820000 ms.0
org.apache.spark.SparkException: An exception was raised by Python:
Traceback (most recent call last):
  File "/home/ubuntu/server/spark-2.3.0-bin-hadoop2.7/python/lib/pyspark.zip/pyspark/streaming/util.py", line 65, in call
    r = self.func(t, *rdds)
  File "/home/ubuntu/server/spark-2.3.0-bin-hadoop2.7/python/lib/pyspark.zip/pyspark/streaming/dstream.py", line 176, in takeAndPrint
    print(record)
UnicodeEncodeError: 'ascii' codec can't encode character u'\u2026' in position 143: ordinal not in range(128)

	at org.apache.spark.streaming.api.python.TransformFunction.callPythonTransformFunction(PythonDStream.scala:95)
	at org.apache.spark.streaming.api.python.TransformFunction.apply(PythonDStream.scala:78)
	at org.apache.spark.streaming.api.python.PythonDStream$$anonfun$callForeachRDD$1.apply(PythonDStream.scala:179)
	at org.apache.spark.streaming.api.python.PythonDStream$$anonfun$callForeachRDD$1.apply(PythonDStream.scala:179)
	at org.apache.spark.streaming.dstream.ForEachDStream$$anonfun$1$$anonfun$apply$mcV$sp$1.apply$mcV$sp(ForEachDStream.scala:51)
	at org.apache.spark.streaming.dstream.ForEachDStream$$anonfun$1$$anonfun$apply$mcV$sp$1.apply(ForEachDStream.scala:51)
	at org.apache.spark.streaming.dstream.ForEachDStream$$anonfun$1$$anonfun$apply$mcV$sp$1.apply(ForEachDStream.scala:51)
	at org.apache.spark.streaming.dstream.DStream.createRDDWithLocalProperties(DStream.scala:416)
	at org.apache.spark.streaming.dstream.ForEachDStream$$anonfun$1.apply$mcV$sp(ForEachDStream.scala:50)
	at org.apache.spark.streaming.dstream.ForEachDStream$$anonfun$1.apply(ForEachDStream.scala:50)
	at org.apache.spark.streaming.dstream.ForEachDStream$$anonfun$1.apply(ForEachDStream.scala:50)
	at scala.util.Try$.apply(Try.scala:192)
	at org.apache.spark.streaming.scheduler.Job.run(Job.scala:39)
	at org.apache.spark.streaming.scheduler.JobScheduler$JobHandler$$anonfun$run$1.apply$mcV$sp(JobScheduler.scala:257)
	at org.apache.spark.streaming.scheduler.JobScheduler$JobHandler$$anonfun$run$1.apply(JobScheduler.scala:257)
	at org.apache.spark.streaming.scheduler.JobScheduler$JobHandler$$anonfun$run$1.apply(JobScheduler.scala:257)
	at scala.util.DynamicVariable.withValue(DynamicVariable.scala:58)
	at org.apache.spark.streaming.scheduler.JobScheduler$JobHandler.run(JobScheduler.scala:256)
	at java.util.concurrent.ThreadPoolExecutor.runWorker(ThreadPoolExecutor.java:1149)
	at java.util.concurrent.ThreadPoolExecutor$Worker.run(ThreadPoolExecutor.java:624)
	at java.lang.Thread.run(Thread.java:748)
========= 2018-06-24 16:47:00 =========
before getSparkSessionInstance
Traceback (most recent call last):
  File "/home/ubuntu/assignment/a3/A3_DB/Label_Tweet_in_RealTime.py", line 92, in <module>
    ssc.awaitTermination()
  File "/home/ubuntu/server/spark-2.3.0-bin-hadoop2.7/python/lib/pyspark.zip/pyspark/streaming/context.py", line 206, in awaitTermination
  File "/home/ubuntu/server/spark-2.3.0-bin-hadoop2.7/python/lib/py4j-0.10.6-src.zip/py4j/java_gateway.py", line 1160, in __call__
  File "/home/ubuntu/server/spark-2.3.0-bin-hadoop2.7/python/lib/pyspark.zip/pyspark/sql/utils.py", line 63, in deco
  File "/home/ubuntu/server/spark-2.3.0-bin-hadoop2.7/python/lib/py4j-0.10.6-src.zip/py4j/protocol.py", line 320, in get_return_value
py4j.protocol.Py4JJavaError: An error occurred while calling o118.awaitTermination.
: org.apache.spark.SparkException: An exception was raised by Python:
Traceback (most recent call last):
  File "/home/ubuntu/server/spark-2.3.0-bin-hadoop2.7/python/lib/pyspark.zip/pyspark/streaming/util.py", line 65, in call
    r = self.func(t, *rdds)
  File "/home/ubuntu/server/spark-2.3.0-bin-hadoop2.7/python/lib/pyspark.zip/pyspark/streaming/dstream.py", line 176, in takeAndPrint
    print(record)
UnicodeEncodeError: 'ascii' codec can't encode character u'\u2026' in position 143: ordinal not in range(128)

	at org.apache.spark.streaming.api.python.TransformFunction.callPythonTransformFunction(PythonDStream.scala:95)
	at org.apache.spark.streaming.api.python.TransformFunction.apply(PythonDStream.scala:78)
	at org.apache.spark.streaming.api.python.PythonDStream$$anonfun$callForeachRDD$1.apply(PythonDStream.scala:179)
	at org.apache.spark.streaming.api.python.PythonDStream$$anonfun$callForeachRDD$1.apply(PythonDStream.scala:179)
	at org.apache.spark.streaming.dstream.ForEachDStream$$anonfun$1$$anonfun$apply$mcV$sp$1.apply$mcV$sp(ForEachDStream.scala:51)
	at org.apache.spark.streaming.dstream.ForEachDStream$$anonfun$1$$anonfun$apply$mcV$sp$1.apply(ForEachDStream.scala:51)
	at org.apache.spark.streaming.dstream.ForEachDStream$$anonfun$1$$anonfun$apply$mcV$sp$1.apply(ForEachDStream.scala:51)
	at org.apache.spark.streaming.dstream.DStream.createRDDWithLocalProperties(DStream.scala:416)
	at org.apache.spark.streaming.dstream.ForEachDStream$$anonfun$1.apply$mcV$sp(ForEachDStream.scala:50)
	at org.apache.spark.streaming.dstream.ForEachDStream$$anonfun$1.apply(ForEachDStream.scala:50)
	at org.apache.spark.streaming.dstream.ForEachDStream$$anonfun$1.apply(ForEachDStream.scala:50)
	at scala.util.Try$.apply(Try.scala:192)
	at org.apache.spark.streaming.scheduler.Job.run(Job.scala:39)
	at org.apache.spark.streaming.scheduler.JobScheduler$JobHandler$$anonfun$run$1.apply$mcV$sp(JobScheduler.scala:257)
	at org.apache.spark.streaming.scheduler.JobScheduler$JobHandler$$anonfun$run$1.apply(JobScheduler.scala:257)
	at org.apache.spark.streaming.scheduler.JobScheduler$JobHandler$$anonfun$run$1.apply(JobScheduler.scala:257)
	at scala.util.DynamicVariable.withValue(DynamicVariable.scala:58)
	at org.apache.spark.streaming.scheduler.JobScheduler$JobHandler.run(JobScheduler.scala:256)
	at java.util.concurrent.ThreadPoolExecutor.runWorker(ThreadPoolExecutor.java:1149)
	at java.util.concurrent.ThreadPoolExecutor$Worker.run(ThreadPoolExecutor.java:624)
	at java.lang.Thread.run(Thread.java:748)

before if
before globals
Exception in thread Thread-3 (most likely raised during interpreter shutdown):
Traceback (most recent call last):
  File "/usr/lib/python2.7/threading.py", line 801, in __bootstrap_inner
  File "/home/ubuntu/server/spark-2.3.0-bin-hadoop2.7/python/lib/py4j-0.10.6-src.zip/py4j/java_gateway.py", line 2223, in run
<type 'exceptions.AttributeError'>: 'NoneType' object has no attribute 'timeout'
2018-06-24 16:47:00 ERROR JobScheduler:91 - Error running job streaming job 1529858820000 ms.1
py4j.Py4JException: Error while sending a command.
	at py4j.CallbackClient.sendCommand(CallbackClient.java:357)
	at py4j.CallbackClient.sendCommand(CallbackClient.java:316)
	at py4j.reflection.PythonProxyHandler.invoke(PythonProxyHandler.java:106)
	at com.sun.proxy.$Proxy20.call(Unknown Source)
	at org.apache.spark.streaming.api.python.TransformFunction.callPythonTransformFunction(PythonDStream.scala:92)
	at org.apache.spark.streaming.api.python.TransformFunction.apply(PythonDStream.scala:78)
	at org.apache.spark.streaming.api.python.PythonDStream$$anonfun$callForeachRDD$1.apply(PythonDStream.scala:179)
	at org.apache.spark.streaming.api.python.PythonDStream$$anonfun$callForeachRDD$1.apply(PythonDStream.scala:179)
	at org.apache.spark.streaming.dstream.ForEachDStream$$anonfun$1$$anonfun$apply$mcV$sp$1.apply$mcV$sp(ForEachDStream.scala:51)
	at org.apache.spark.streaming.dstream.ForEachDStream$$anonfun$1$$anonfun$apply$mcV$sp$1.apply(ForEachDStream.scala:51)
	at org.apache.spark.streaming.dstream.ForEachDStream$$anonfun$1$$anonfun$apply$mcV$sp$1.apply(ForEachDStream.scala:51)
	at org.apache.spark.streaming.dstream.DStream.createRDDWithLocalProperties(DStream.scala:416)
	at org.apache.spark.streaming.dstream.ForEachDStream$$anonfun$1.apply$mcV$sp(ForEachDStream.scala:50)
	at org.apache.spark.streaming.dstream.ForEachDStream$$anonfun$1.apply(ForEachDStream.scala:50)
	at org.apache.spark.streaming.dstream.ForEachDStream$$anonfun$1.apply(ForEachDStream.scala:50)
	at scala.util.Try$.apply(Try.scala:192)
	at org.apache.spark.streaming.scheduler.Job.run(Job.scala:39)
	at org.apache.spark.streaming.scheduler.JobScheduler$JobHandler$$anonfun$run$1.apply$mcV$sp(JobScheduler.scala:257)
	at org.apache.spark.streaming.scheduler.JobScheduler$JobHandler$$anonfun$run$1.apply(JobScheduler.scala:257)
	at org.apache.spark.streaming.scheduler.JobScheduler$JobHandler$$anonfun$run$1.apply(JobScheduler.scala:257)
	at scala.util.DynamicVariable.withValue(DynamicVariable.scala:58)
	at org.apache.spark.streaming.scheduler.JobScheduler$JobHandler.run(JobScheduler.scala:256)
	at java.util.concurrent.ThreadPoolExecutor.runWorker(ThreadPoolExecutor.java:1149)
	at java.util.concurrent.ThreadPoolExecutor$Worker.run(ThreadPoolExecutor.java:624)
	at java.lang.Thread.run(Thread.java:748)
Caused by: py4j.Py4JNetworkException
	at py4j.CallbackConnection.sendCommand(CallbackConnection.java:138)
	at py4j.CallbackClient.sendCommand(CallbackClient.java:344)
	... 24 more
2018-06-24 16:47:00 ERROR ReceiverTracker:70 - Deregistered receiver for stream 0: Stopped by driver
